  [1m[35m (0.1ms)[0m  [1m[34mSELECT sqlite_version(*)[0m
  ↳ bin/rails:9
  [1m[35m (9.4ms)[0m  [1m[35mCREATE TABLE "schema_migrations" ("version" varchar NOT NULL PRIMARY KEY)[0m
  ↳ bin/rails:9
  [1m[35m (5.0ms)[0m  [1m[35mCREATE TABLE "ar_internal_metadata" ("key" varchar NOT NULL PRIMARY KEY, "value" varchar, "created_at" datetime NOT NULL, "updated_at" datetime NOT NULL)[0m
  ↳ bin/rails:9
  [1m[35m (0.1ms)[0m  [1m[34mSELECT "schema_migrations"."version" FROM "schema_migrations" ORDER BY "schema_migrations"."version" ASC[0m
  ↳ bin/rails:9
  [1m[35m (0.1ms)[0m  [1m[34mSELECT "schema_migrations"."version" FROM "schema_migrations" ORDER BY "schema_migrations"."version" ASC[0m
  ↳ bin/rails:9
Migrating to CreateCities (20180726225007)
  [1m[35m (0.1ms)[0m  [1m[36mbegin transaction[0m
  ↳ bin/rails:9
  [1m[35m (0.1ms)[0m  [1m[34mSELECT sqlite_version(*)[0m
  ↳ db/migrate/20180726225007_create_cities.rb:3
  [1m[35m (0.3ms)[0m  [1m[35mCREATE TABLE "cities" ("id" integer PRIMARY KEY AUTOINCREMENT NOT NULL, "name" varchar, "postal_code" integer, "created_at" datetime NOT NULL, "updated_at" datetime NOT NULL)[0m
  ↳ db/migrate/20180726225007_create_cities.rb:3
  [1m[36mActiveRecord::SchemaMigration Create (0.1ms)[0m  [1m[32mINSERT INTO "schema_migrations" ("version") VALUES (?)[0m  [["version", "20180726225007"]]
  ↳ bin/rails:9
  [1m[35m (5.1ms)[0m  [1m[36mcommit transaction[0m
  ↳ bin/rails:9
Migrating to CreateUsers (20180726225101)
  [1m[35m (0.0ms)[0m  [1m[36mbegin transaction[0m
  ↳ bin/rails:9
  [1m[35m (0.2ms)[0m  [1m[35mCREATE TABLE "users" ("id" integer PRIMARY KEY AUTOINCREMENT NOT NULL, "city_id" integer, "first_name" varchar, "last_name" varchar, "description" text, "email" varchar, "age" integer, "created_at" datetime NOT NULL, "updated_at" datetime NOT NULL)[0m
  ↳ db/migrate/20180726225101_create_users.rb:3
  [1m[35m (0.1ms)[0m  [1m[35mCREATE  INDEX "index_users_on_city_id" ON "users" ("city_id")[0m
  ↳ db/migrate/20180726225101_create_users.rb:3
  [1m[36mActiveRecord::SchemaMigration Create (0.1ms)[0m  [1m[32mINSERT INTO "schema_migrations" ("version") VALUES (?)[0m  [["version", "20180726225101"]]
  ↳ bin/rails:9
  [1m[35m (3.9ms)[0m  [1m[36mcommit transaction[0m
  ↳ bin/rails:9
Migrating to CreatePrivateMessages (20180726231215)
  [1m[35m (0.0ms)[0m  [1m[36mbegin transaction[0m
  ↳ bin/rails:9
  [1m[35m (0.2ms)[0m  [1m[35mCREATE TABLE "private_messages" ("id" integer PRIMARY KEY AUTOINCREMENT NOT NULL, "recipient_id" integer, "sender_id" integer, "content" text, "created_at" datetime NOT NULL, "updated_at" datetime NOT NULL)[0m
  ↳ db/migrate/20180726231215_create_private_messages.rb:3
  [1m[35m (0.1ms)[0m  [1m[35mCREATE  INDEX "index_private_messages_on_recipient_id" ON "private_messages" ("recipient_id")[0m
  ↳ db/migrate/20180726231215_create_private_messages.rb:3
  [1m[35m (0.1ms)[0m  [1m[35mCREATE  INDEX "index_private_messages_on_sender_id" ON "private_messages" ("sender_id")[0m
  ↳ db/migrate/20180726231215_create_private_messages.rb:3
  [1m[36mActiveRecord::SchemaMigration Create (0.1ms)[0m  [1m[32mINSERT INTO "schema_migrations" ("version") VALUES (?)[0m  [["version", "20180726231215"]]
  ↳ bin/rails:9
  [1m[35m (3.8ms)[0m  [1m[36mcommit transaction[0m
  ↳ bin/rails:9
Migrating to CreateGossips (20180726231541)
  [1m[35m (0.0ms)[0m  [1m[36mbegin transaction[0m
  ↳ bin/rails:9
  [1m[35m (0.2ms)[0m  [1m[35mCREATE TABLE "gossips" ("id" integer PRIMARY KEY AUTOINCREMENT NOT NULL, "tag_id" integer, "title" varchar, "content" text, "created_at" datetime NOT NULL, "updated_at" datetime NOT NULL)[0m
  ↳ db/migrate/20180726231541_create_gossips.rb:3
  [1m[35m (0.1ms)[0m  [1m[35mCREATE  INDEX "index_gossips_on_tag_id" ON "gossips" ("tag_id")[0m
  ↳ db/migrate/20180726231541_create_gossips.rb:3
  [1m[36mActiveRecord::SchemaMigration Create (0.1ms)[0m  [1m[32mINSERT INTO "schema_migrations" ("version") VALUES (?)[0m  [["version", "20180726231541"]]
  ↳ bin/rails:9
  [1m[35m (4.2ms)[0m  [1m[36mcommit transaction[0m
  ↳ bin/rails:9
Migrating to CreateTags (20180726232104)
  [1m[35m (0.0ms)[0m  [1m[36mbegin transaction[0m
  ↳ bin/rails:9
  [1m[35m (0.2ms)[0m  [1m[35mCREATE TABLE "tags" ("id" integer PRIMARY KEY AUTOINCREMENT NOT NULL, "gossip_id" integer, "title" varchar, "created_at" datetime NOT NULL, "updated_at" datetime NOT NULL)[0m
  ↳ db/migrate/20180726232104_create_tags.rb:3
  [1m[35m (0.1ms)[0m  [1m[35mCREATE  INDEX "index_tags_on_gossip_id" ON "tags" ("gossip_id")[0m
  ↳ db/migrate/20180726232104_create_tags.rb:3
  [1m[36mActiveRecord::SchemaMigration Create (0.1ms)[0m  [1m[32mINSERT INTO "schema_migrations" ("version") VALUES (?)[0m  [["version", "20180726232104"]]
  ↳ bin/rails:9
  [1m[35m (4.9ms)[0m  [1m[36mcommit transaction[0m
  ↳ bin/rails:9
Migrating to CreateComments (20180726232559)
  [1m[35m (0.0ms)[0m  [1m[36mbegin transaction[0m
  ↳ bin/rails:9
  [1m[35m (0.2ms)[0m  [1m[35mCREATE TABLE "comments" ("id" integer PRIMARY KEY AUTOINCREMENT NOT NULL, "user_id" integer, "gossip_id" integer, "content" text, "created_at" datetime NOT NULL, "updated_at" datetime NOT NULL)[0m
  ↳ db/migrate/20180726232559_create_comments.rb:3
  [1m[35m (0.1ms)[0m  [1m[35mCREATE  INDEX "index_comments_on_user_id" ON "comments" ("user_id")[0m
  ↳ db/migrate/20180726232559_create_comments.rb:3
  [1m[35m (0.1ms)[0m  [1m[35mCREATE  INDEX "index_comments_on_gossip_id" ON "comments" ("gossip_id")[0m
  ↳ db/migrate/20180726232559_create_comments.rb:3
  [1m[36mActiveRecord::SchemaMigration Create (0.1ms)[0m  [1m[32mINSERT INTO "schema_migrations" ("version") VALUES (?)[0m  [["version", "20180726232559"]]
  ↳ bin/rails:9
  [1m[35m (4.5ms)[0m  [1m[36mcommit transaction[0m
  ↳ bin/rails:9
Migrating to CreateLikes (20180726232945)
  [1m[35m (0.0ms)[0m  [1m[36mbegin transaction[0m
  ↳ bin/rails:9
  [1m[35m (0.2ms)[0m  [1m[35mCREATE TABLE "likes" ("id" integer PRIMARY KEY AUTOINCREMENT NOT NULL, "user_id" integer, "gossip_id" integer, "comment_id" integer, "created_at" datetime NOT NULL, "updated_at" datetime NOT NULL)[0m
  ↳ db/migrate/20180726232945_create_likes.rb:3
  [1m[35m (0.1ms)[0m  [1m[35mCREATE  INDEX "index_likes_on_user_id" ON "likes" ("user_id")[0m
  ↳ db/migrate/20180726232945_create_likes.rb:3
  [1m[35m (0.1ms)[0m  [1m[35mCREATE  INDEX "index_likes_on_gossip_id" ON "likes" ("gossip_id")[0m
  ↳ db/migrate/20180726232945_create_likes.rb:3
  [1m[35m (0.1ms)[0m  [1m[35mCREATE  INDEX "index_likes_on_comment_id" ON "likes" ("comment_id")[0m
  ↳ db/migrate/20180726232945_create_likes.rb:3
  [1m[36mActiveRecord::SchemaMigration Create (0.1ms)[0m  [1m[32mINSERT INTO "schema_migrations" ("version") VALUES (?)[0m  [["version", "20180726232945"]]
  ↳ bin/rails:9
  [1m[35m (4.9ms)[0m  [1m[36mcommit transaction[0m
  ↳ bin/rails:9
Migrating to AddColumnUserIdFromGossips (20180726235903)
  [1m[35m (0.0ms)[0m  [1m[36mbegin transaction[0m
  ↳ bin/rails:9
  [1m[35m (0.2ms)[0m  [1m[35mALTER TABLE "gossips" ADD "user_id" integer[0m
  ↳ db/migrate/20180726235903_add_column_user_id_from_gossips.rb:3
  [1m[36mActiveRecord::SchemaMigration Create (0.1ms)[0m  [1m[32mINSERT INTO "schema_migrations" ("version") VALUES (?)[0m  [["version", "20180726235903"]]
  ↳ bin/rails:9
  [1m[35m (4.9ms)[0m  [1m[36mcommit transaction[0m
  ↳ bin/rails:9
  [1m[36mActiveRecord::InternalMetadata Load (0.1ms)[0m  [1m[34mSELECT  "ar_internal_metadata".* FROM "ar_internal_metadata" WHERE "ar_internal_metadata"."key" = ? LIMIT ?[0m  [["key", "environment"], ["LIMIT", 1]]
  ↳ bin/rails:9
  [1m[35m (0.0ms)[0m  [1m[36mbegin transaction[0m
  ↳ bin/rails:9
  [1m[36mActiveRecord::InternalMetadata Create (0.4ms)[0m  [1m[32mINSERT INTO "ar_internal_metadata" ("key", "value", "created_at", "updated_at") VALUES (?, ?, ?, ?)[0m  [["key", "environment"], ["value", "development"], ["created_at", "2018-07-27 05:46:16.578381"], ["updated_at", "2018-07-27 05:46:16.578381"]]
  ↳ bin/rails:9
  [1m[35m (5.0ms)[0m  [1m[36mcommit transaction[0m
  ↳ bin/rails:9
  [1m[35m (0.1ms)[0m  [1m[34mSELECT "schema_migrations"."version" FROM "schema_migrations" ORDER BY "schema_migrations"."version" ASC[0m
  ↳ bin/rails:9
  [1m[35m (0.1ms)[0m  [1m[34mSELECT "schema_migrations"."version" FROM "schema_migrations" ORDER BY "schema_migrations"."version" ASC[0m
  ↳ bin/rails:9
  [1m[35m (0.0ms)[0m  [1m[36mbegin transaction[0m
  ↳ db/seeds.rb:13
  [1m[36mCity Create (0.6ms)[0m  [1m[32mINSERT INTO "cities" ("name", "postal_code", "created_at", "updated_at") VALUES (?, ?, ?, ?)[0m  [["name", "Cocoa Weed"], ["postal_code", 496], ["created_at", "2018-07-27 05:46:19.902990"], ["updated_at", "2018-07-27 05:46:19.902990"]]
  ↳ db/seeds.rb:13
  [1m[35m (7.4ms)[0m  [1m[36mcommit transaction[0m
  ↳ db/seeds.rb:13
  [1m[35m (0.0ms)[0m  [1m[36mbegin transaction[0m
  ↳ db/seeds.rb:13
  [1m[36mCity Create (0.2ms)[0m  [1m[32mINSERT INTO "cities" ("name", "postal_code", "created_at", "updated_at") VALUES (?, ?, ?, ?)[0m  [["name", "Tamarisk"], ["postal_code", 546], ["created_at", "2018-07-27 05:46:19.912927"], ["updated_at", "2018-07-27 05:46:19.912927"]]
  ↳ db/seeds.rb:13
  [1m[35m (3.7ms)[0m  [1m[36mcommit transaction[0m
  ↳ db/seeds.rb:13
  [1m[35m (0.0ms)[0m  [1m[36mbegin transaction[0m
  ↳ db/seeds.rb:13
  [1m[36mCity Create (0.1ms)[0m  [1m[32mINSERT INTO "cities" ("name", "postal_code", "created_at", "updated_at") VALUES (?, ?, ?, ?)[0m  [["name", "Sandora River"], ["postal_code", 893], ["created_at", "2018-07-27 05:46:19.918655"], ["updated_at", "2018-07-27 05:46:19.918655"]]
  ↳ db/seeds.rb:13
  [1m[35m (4.8ms)[0m  [1m[36mcommit transaction[0m
  ↳ db/seeds.rb:13
  [1m[35m (0.0ms)[0m  [1m[36mbegin transaction[0m
  ↳ db/seeds.rb:13
  [1m[36mCity Create (0.1ms)[0m  [1m[32mINSERT INTO "cities" ("name", "postal_code", "created_at", "updated_at") VALUES (?, ?, ?, ?)[0m  [["name", "Shimotsuki Village"], ["postal_code", 571], ["created_at", "2018-07-27 05:46:19.925574"], ["updated_at", "2018-07-27 05:46:19.925574"]]
  ↳ db/seeds.rb:13
  [1m[35m (5.2ms)[0m  [1m[36mcommit transaction[0m
  ↳ db/seeds.rb:13
  [1m[35m (0.0ms)[0m  [1m[36mbegin transaction[0m
  ↳ db/seeds.rb:13
  [1m[36mCity Create (0.1ms)[0m  [1m[32mINSERT INTO "cities" ("name", "postal_code", "created_at", "updated_at") VALUES (?, ?, ?, ?)[0m  [["name", "Gray Terminal"], ["postal_code", 705], ["created_at", "2018-07-27 05:46:19.932732"], ["updated_at", "2018-07-27 05:46:19.932732"]]
  ↳ db/seeds.rb:13
  [1m[35m (3.8ms)[0m  [1m[36mcommit transaction[0m
  ↳ db/seeds.rb:13
  [1m[35m (0.0ms)[0m  [1m[36mbegin transaction[0m
  ↳ db/seeds.rb:13
  [1m[36mCity Create (0.2ms)[0m  [1m[32mINSERT INTO "cities" ("name", "postal_code", "created_at", "updated_at") VALUES (?, ?, ?, ?)[0m  [["name", "Rainbase"], ["postal_code", 641], ["created_at", "2018-07-27 05:46:19.938444"], ["updated_at", "2018-07-27 05:46:19.938444"]]
  ↳ db/seeds.rb:13
  [1m[35m (5.1ms)[0m  [1m[36mcommit transaction[0m
  ↳ db/seeds.rb:13
  [1m[35m (0.0ms)[0m  [1m[36mbegin transaction[0m
  ↳ db/seeds.rb:13
  [1m[36mCity Create (0.1ms)[0m  [1m[32mINSERT INTO "cities" ("name", "postal_code", "created_at", "updated_at") VALUES (?, ?, ?, ?)[0m  [["name", "Nanohana"], ["postal_code", 149], ["created_at", "2018-07-27 05:46:19.945536"], ["updated_at", "2018-07-27 05:46:19.945536"]]
  ↳ db/seeds.rb:13
  [1m[35m (5.1ms)[0m  [1m[36mcommit transaction[0m
  ↳ db/seeds.rb:13
  [1m[35m (0.0ms)[0m  [1m[36mbegin transaction[0m
  ↳ db/seeds.rb:13
  [1m[36mCity Create (0.1ms)[0m  [1m[32mINSERT INTO "cities" ("name", "postal_code", "created_at", "updated_at") VALUES (?, ?, ?, ?)[0m  [["name", "Katorea"], ["postal_code", 703], ["created_at", "2018-07-27 05:46:19.952623"], ["updated_at", "2018-07-27 05:46:19.952623"]]
  ↳ db/seeds.rb:13
  [1m[35m (3.9ms)[0m  [1m[36mcommit transaction[0m
  ↳ db/seeds.rb:13
  [1m[35m (0.0ms)[0m  [1m[36mbegin transaction[0m
  ↳ db/seeds.rb:13
  [1m[36mCity Create (0.2ms)[0m  [1m[32mINSERT INTO "cities" ("name", "postal_code", "created_at", "updated_at") VALUES (?, ?, ?, ?)[0m  [["name", "Gyasta"], ["postal_code", 300], ["created_at", "2018-07-27 05:46:19.958494"], ["updated_at", "2018-07-27 05:46:19.958494"]]
  ↳ db/seeds.rb:13
  [1m[35m (5.0ms)[0m  [1m[36mcommit transaction[0m
  ↳ db/seeds.rb:13
  [1m[35m (0.0ms)[0m  [1m[36mbegin transaction[0m
  ↳ db/seeds.rb:13
  [1m[36mCity Create (0.1ms)[0m  [1m[32mINSERT INTO "cities" ("name", "postal_code", "created_at", "updated_at") VALUES (?, ?, ?, ?)[0m  [["name", "Whiskey Peak"], ["postal_code", 464], ["created_at", "2018-07-27 05:46:19.965478"], ["updated_at", "2018-07-27 05:46:19.965478"]]
  ↳ db/seeds.rb:13
  [1m[35m (5.2ms)[0m  [1m[36mcommit transaction[0m
  ↳ db/seeds.rb:13
  [1m[35m (0.1ms)[0m  [1m[36mbegin transaction[0m
  ↳ db/seeds.rb:17
  [1m[36mCity Load (0.1ms)[0m  [1m[34mSELECT  "cities".* FROM "cities" WHERE "cities"."id" = ? LIMIT ?[0m  [["id", 7], ["LIMIT", 1]]
  ↳ db/seeds.rb:17
  [1m[36mUser Create (0.2ms)[0m  [1m[32mINSERT INTO "users" ("city_id", "first_name", "last_name", "description", "email", "age", "created_at", "updated_at") VALUES (?, ?, ?, ?, ?, ?, ?, ?)[0m  [["city_id", 7], ["first_name", "Kizaru"], ["last_name", "Silvers Rayleigh"], ["description", "Inu Inu no Mi"], ["email", "jorge@block.co"], ["age", 20], ["created_at", "2018-07-27 05:46:19.993651"], ["updated_at", "2018-07-27 05:46:19.993651"]]
  ↳ db/seeds.rb:17
  [1m[35m (5.7ms)[0m  [1m[36mcommit transaction[0m
  ↳ db/seeds.rb:17
  [1m[35m (0.0ms)[0m  [1m[36mbegin transaction[0m
  ↳ db/seeds.rb:17
  [1m[36mCity Load (0.1ms)[0m  [1m[34mSELECT  "cities".* FROM "cities" WHERE "cities"."id" = ? LIMIT ?[0m  [["id", 6], ["LIMIT", 1]]
  ↳ db/seeds.rb:17
  [1m[36mUser Create (0.2ms)[0m  [1m[32mINSERT INTO "users" ("city_id", "first_name", "last_name", "description", "email", "age", "created_at", "updated_at") VALUES (?, ?, ?, ?, ?, ?, ?, ?)[0m  [["city_id", 6], ["first_name", "Akainu"], ["last_name", "Tony Tony Chopper"], ["description", "Awa Awa no Mi"], ["email", "benny@waelchicorkery.io"], ["age", 33], ["created_at", "2018-07-27 05:46:20.002782"], ["updated_at", "2018-07-27 05:46:20.002782"]]
  ↳ db/seeds.rb:17
  [1m[35m (6.0ms)[0m  [1m[36mcommit transaction[0m
  ↳ db/seeds.rb:17
  [1m[35m (0.0ms)[0m  [1m[36mbegin transaction[0m
  ↳ db/seeds.rb:17
  [1m[36mCity Load (0.1ms)[0m  [1m[34mSELECT  "cities".* FROM "cities" WHERE "cities"."id" = ? LIMIT ?[0m  [["id", 2], ["LIMIT", 1]]
  ↳ db/seeds.rb:17
  [1m[36mUser Create (0.2ms)[0m  [1m[32mINSERT INTO "users" ("city_id", "first_name", "last_name", "description", "email", "age", "created_at", "updated_at") VALUES (?, ?, ?, ?, ?, ?, ?, ?)[0m  [["city_id", 2], ["first_name", "Eustass Kid"], ["last_name", "Bon Clay Mr. 2"], ["description", "Gasu Gasu no Mi"], ["email", "magali@hirthe.com"], ["age", 24], ["created_at", "2018-07-27 05:46:20.011355"], ["updated_at", "2018-07-27 05:46:20.011355"]]
  ↳ db/seeds.rb:17
  [1m[35m (4.4ms)[0m  [1m[36mcommit transaction[0m
  ↳ db/seeds.rb:17
  [1m[35m (0.0ms)[0m  [1m[36mbegin transaction[0m
  ↳ db/seeds.rb:17
  [1m[36mCity Load (0.1ms)[0m  [1m[34mSELECT  "cities".* FROM "cities" WHERE "cities"."id" = ? LIMIT ?[0m  [["id", 1], ["LIMIT", 1]]
  ↳ db/seeds.rb:17
  [1m[36mUser Create (0.2ms)[0m  [1m[32mINSERT INTO "users" ("city_id", "first_name", "last_name", "description", "email", "age", "created_at", "updated_at") VALUES (?, ?, ?, ?, ?, ?, ?, ?)[0m  [["city_id", 1], ["first_name", "Ben Beckmann"], ["last_name", "Kalifa"], ["description", "Kage Kage no Mi"], ["email", "annisshields@kutchdibbert.org"], ["age", 24], ["created_at", "2018-07-27 05:46:20.018837"], ["updated_at", "2018-07-27 05:46:20.018837"]]
  ↳ db/seeds.rb:17
  [1m[35m (5.1ms)[0m  [1m[36mcommit transaction[0m
  ↳ db/seeds.rb:17
  [1m[35m (0.1ms)[0m  [1m[36mbegin transaction[0m
  ↳ db/seeds.rb:17
  [1m[36mCity Load (0.1ms)[0m  [1m[34mSELECT  "cities".* FROM "cities" WHERE "cities"."id" = ? LIMIT ?[0m  [["id", 8], ["LIMIT", 1]]
  ↳ db/seeds.rb:17
  [1m[36mUser Create (0.1ms)[0m  [1m[32mINSERT INTO "users" ("city_id", "first_name", "last_name", "description", "email", "age", "created_at", "updated_at") VALUES (?, ?, ?, ?, ?, ?, ?, ?)[0m  [["city_id", 8], ["first_name", "Sengoku"], ["last_name", "Shirahoshi"], ["description", "Hana Hana no Mi"], ["email", "leonmcdermott@weinat.net"], ["age", 29], ["created_at", "2018-07-27 05:46:20.027107"], ["updated_at", "2018-07-27 05:46:20.027107"]]
  ↳ db/seeds.rb:17
  [1m[35m (4.0ms)[0m  [1m[36mcommit transaction[0m
  ↳ db/seeds.rb:17
  [1m[35m (0.0ms)[0m  [1m[36mbegin transaction[0m
  ↳ db/seeds.rb:17
  [1m[36mCity Load (0.1ms)[0m  [1m[34mSELECT  "cities".* FROM "cities" WHERE "cities"."id" = ? LIMIT ?[0m  [["id", 3], ["LIMIT", 1]]
  ↳ db/seeds.rb:17
  [1m[36mUser Create (0.2ms)[0m  [1m[32mINSERT INTO "users" ("city_id", "first_name", "last_name", "description", "email", "age", "created_at", "updated_at") VALUES (?, ?, ?, ?, ?, ?, ?, ?)[0m  [["city_id", 3], ["first_name", "Rebecca"], ["last_name", "Arlong"], ["description", "Bari Bari no Mi"], ["email", "mitchellmoen@mraz.io"], ["age", 25], ["created_at", "2018-07-27 05:46:20.034286"], ["updated_at", "2018-07-27 05:46:20.034286"]]
  ↳ db/seeds.rb:17
  [1m[35m (4.9ms)[0m  [1m[36mcommit transaction[0m
  ↳ db/seeds.rb:17
  [1m[35m (0.0ms)[0m  [1m[36mbegin transaction[0m
  ↳ db/seeds.rb:17
  [1m[36mCity Load (0.1ms)[0m  [1m[34mSELECT  "cities".* FROM "cities" WHERE "cities"."id" = ? LIMIT ?[0m  [["id", 3], ["LIMIT", 1]]
  ↳ db/seeds.rb:17
  [1m[36mUser Create (0.2ms)[0m  [1m[32mINSERT INTO "users" ("city_id", "first_name", "last_name", "description", "email", "age", "created_at", "updated_at") VALUES (?, ?, ?, ?, ?, ?, ?, ?)[0m  [["city_id", 3], ["first_name", "Magellan"], ["last_name", "Vivi"], ["description", "Nikyu Nikyu no Mi"], ["email", "solschumm@effertz.name"], ["age", 26], ["created_at", "2018-07-27 05:46:20.042345"], ["updated_at", "2018-07-27 05:46:20.042345"]]
  ↳ db/seeds.rb:17
  [1m[35m (4.8ms)[0m  [1m[36mcommit transaction[0m
  ↳ db/seeds.rb:17
  [1m[35m (0.0ms)[0m  [1m[36mbegin transaction[0m
  ↳ db/seeds.rb:17
  [1m[36mCity Load (0.1ms)[0m  [1m[34mSELECT  "cities".* FROM "cities" WHERE "cities"."id" = ? LIMIT ?[0m  [["id", 3], ["LIMIT", 1]]
  ↳ db/seeds.rb:17
  [1m[36mUser Create (0.2ms)[0m  [1m[32mINSERT INTO "users" ("city_id", "first_name", "last_name", "description", "email", "age", "created_at", "updated_at") VALUES (?, ?, ?, ?, ?, ?, ?, ?)[0m  [["city_id", 3], ["first_name", "Gecko Moriah"], ["last_name", "Vergo"], ["description", "Kage Kage no Mi"], ["email", "eboni@mccullough.net"], ["age", 35], ["created_at", "2018-07-27 05:46:20.050307"], ["updated_at", "2018-07-27 05:46:20.050307"]]
  ↳ db/seeds.rb:17
  [1m[35m (4.7ms)[0m  [1m[36mcommit transaction[0m
  ↳ db/seeds.rb:17
  [1m[35m (0.0ms)[0m  [1m[36mbegin transaction[0m
  ↳ db/seeds.rb:17
  [1m[36mCity Load (0.1ms)[0m  [1m[34mSELECT  "cities".* FROM "cities" WHERE "cities"."id" = ? LIMIT ?[0m  [["id", 9], ["LIMIT", 1]]
  ↳ db/seeds.rb:17
  [1m[36mUser Create (0.2ms)[0m  [1m[32mINSERT INTO "users" ("city_id", "first_name", "last_name", "description", "email", "age", "created_at", "updated_at") VALUES (?, ?, ?, ?, ?, ?, ?, ?)[0m  [["city_id", 9], ["first_name", "Doc Q"], ["last_name", "Buggy"], ["description", "Magu Magu no Mi"], ["email", "coykeler@pfannerstillconnelly.org"], ["age", 32], ["created_at", "2018-07-27 05:46:20.058136"], ["updated_at", "2018-07-27 05:46:20.058136"]]
  ↳ db/seeds.rb:17
  [1m[35m (5.5ms)[0m  [1m[36mcommit transaction[0m
  ↳ db/seeds.rb:17
  [1m[35m (0.1ms)[0m  [1m[36mbegin transaction[0m
  ↳ db/seeds.rb:17
  [1m[36mCity Load (0.1ms)[0m  [1m[34mSELECT  "cities".* FROM "cities" WHERE "cities"."id" = ? LIMIT ?[0m  [["id", 3], ["LIMIT", 1]]
  ↳ db/seeds.rb:17
  [1m[36mUser Create (0.2ms)[0m  [1m[32mINSERT INTO "users" ("city_id", "first_name", "last_name", "description", "email", "age", "created_at", "updated_at") VALUES (?, ?, ?, ?, ?, ?, ?, ?)[0m  [["city_id", 3], ["first_name", "Perona"], ["last_name", "Nico Robin"], ["description", "Zou Zou no Mi"], ["email", "rogeliogrant@balistreridouglas.co"], ["age", 23], ["created_at", "2018-07-27 05:46:20.066913"], ["updated_at", "2018-07-27 05:46:20.066913"]]
  ↳ db/seeds.rb:17
  [1m[35m (4.2ms)[0m  [1m[36mcommit transaction[0m
  ↳ db/seeds.rb:17
  [1m[35m (0.0ms)[0m  [1m[36mbegin transaction[0m
  ↳ db/seeds.rb:21
  [1m[36mUser Load (0.1ms)[0m  [1m[34mSELECT  "users".* FROM "users" WHERE "users"."id" = ? LIMIT ?[0m  [["id", 10], ["LIMIT", 1]]
  ↳ db/seeds.rb:21
  [1m[36mGossip Create (0.2ms)[0m  [1m[32mINSERT INTO "gossips" ("tag_id", "title", "content", "created_at", "updated_at", "user_id") VALUES (?, ?, ?, ?, ?, ?)[0m  [["tag_id", 10], ["title", "Harlaw of Harlaw"], ["content", "I don't care now. I wanted to look like a human because I wanted friends. Now I want to be a monster who's helpful to Luffy!"], ["created_at", "2018-07-27 05:46:20.087370"], ["updated_at", "2018-07-27 05:46:20.087370"], ["user_id", 10]]
  ↳ db/seeds.rb:21
  [1m[35m (4.5ms)[0m  [1m[36mcommit transaction[0m
  ↳ db/seeds.rb:21
  [1m[35m (0.0ms)[0m  [1m[36mbegin transaction[0m
  ↳ db/seeds.rb:21
  [1m[36mUser Load (0.1ms)[0m  [1m[34mSELECT  "users".* FROM "users" WHERE "users"."id" = ? LIMIT ?[0m  [["id", 8], ["LIMIT", 1]]
  ↳ db/seeds.rb:21
  [1m[36mGossip Create (0.2ms)[0m  [1m[32mINSERT INTO "gossips" ("tag_id", "title", "content", "created_at", "updated_at", "user_id") VALUES (?, ?, ?, ?, ?, ?)[0m  [["tag_id", 1], ["title", "Keath"], ["content", "People's dreams... Never end!"], ["created_at", "2018-07-27 05:46:20.094867"], ["updated_at", "2018-07-27 05:46:20.094867"], ["user_id", 8]]
  ↳ db/seeds.rb:21
  [1m[35m (5.0ms)[0m  [1m[36mcommit transaction[0m
  ↳ db/seeds.rb:21
  [1m[35m (0.0ms)[0m  [1m[36mbegin transaction[0m
  ↳ db/seeds.rb:21
  [1m[36mUser Load (0.1ms)[0m  [1m[34mSELECT  "users".* FROM "users" WHERE "users"."id" = ? LIMIT ?[0m  [["id", 4], ["LIMIT", 1]]
  ↳ db/seeds.rb:21
  [1m[36mGossip Create (0.2ms)[0m  [1m[32mINSERT INTO "gossips" ("tag_id", "title", "content", "created_at", "updated_at", "user_id") VALUES (?, ?, ?, ?, ?, ?)[0m  [["tag_id", 3], ["title", "Graceford of Holyhall"], ["content", "The royalty and nobles are behind the fire... Believe me... This town smells worse than Gray Terminal. It smells like rotten people! If I stay here... I'll never be free! I'm... ashamed to be born a noble!"], ["created_at", "2018-07-27 05:46:20.102572"], ["updated_at", "2018-07-27 05:46:20.102572"], ["user_id", 4]]
  ↳ db/seeds.rb:21
  [1m[35m (5.6ms)[0m  [1m[36mcommit transaction[0m
  ↳ db/seeds.rb:21
  [1m[35m (0.1ms)[0m  [1m[36mbegin transaction[0m
  ↳ db/seeds.rb:21
  [1m[36mUser Load (0.1ms)[0m  [1m[34mSELECT  "users".* FROM "users" WHERE "users"."id" = ? LIMIT ?[0m  [["id", 9], ["LIMIT", 1]]
  ↳ db/seeds.rb:21
  [1m[36mGossip Create (0.1ms)[0m  [1m[32mINSERT INTO "gossips" ("tag_id", "title", "content", "created_at", "updated_at", "user_id") VALUES (?, ?, ?, ?, ?, ?)[0m  [["tag_id", 9], ["title", "Musgood"], ["content", "To true friendship, how long you've known each other means nothing."], ["created_at", "2018-07-27 05:46:20.111304"], ["updated_at", "2018-07-27 05:46:20.111304"], ["user_id", 9]]
  ↳ db/seeds.rb:21
  [1m[35m (4.0ms)[0m  [1m[36mcommit transaction[0m
  ↳ db/seeds.rb:21
  [1m[35m (0.1ms)[0m  [1m[36mbegin transaction[0m
  ↳ db/seeds.rb:21
  [1m[36mUser Load (0.1ms)[0m  [1m[34mSELECT  "users".* FROM "users" WHERE "users"."id" = ? LIMIT ?[0m  [["id", 3], ["LIMIT", 1]]
  ↳ db/seeds.rb:21
  [1m[36mGossip Create (0.1ms)[0m  [1m[32mINSERT INTO "gossips" ("tag_id", "title", "content", "created_at", "updated_at", "user_id") VALUES (?, ?, ?, ?, ?, ?)[0m  [["tag_id", 7], ["title", "Farwynd of Sealskin Point"], ["content", "Miracles only happen to those who never give up."], ["created_at", "2018-07-27 05:46:20.118207"], ["updated_at", "2018-07-27 05:46:20.118207"], ["user_id", 3]]
  ↳ db/seeds.rb:21
  [1m[35m (5.0ms)[0m  [1m[36mcommit transaction[0m
  ↳ db/seeds.rb:21
  [1m[35m (0.0ms)[0m  [1m[36mbegin transaction[0m
  ↳ db/seeds.rb:21
  [1m[36mUser Load (0.1ms)[0m  [1m[34mSELECT  "users".* FROM "users" WHERE "users"."id" = ? LIMIT ?[0m  [["id", 6], ["LIMIT", 1]]
  ↳ db/seeds.rb:21
  [1m[36mGossip Create (0.2ms)[0m  [1m[32mINSERT INTO "gossips" ("tag_id", "title", "content", "created_at", "updated_at", "user_id") VALUES (?, ?, ?, ?, ?, ?)[0m  [["tag_id", 6], ["title", "Egen"], ["content", "I love heroes, but I don't want to be one. Do you even know what a hero is!? For example, you have some meat. Pirates will feast on the meat, but the hero will distribute it among the people! I want to eat the meat!"], ["created_at", "2018-07-27 05:46:20.125959"], ["updated_at", "2018-07-27 05:46:20.125959"], ["user_id", 6]]
  ↳ db/seeds.rb:21
  [1m[35m (5.1ms)[0m  [1m[36mcommit transaction[0m
  ↳ db/seeds.rb:21
  [1m[35m (0.1ms)[0m  [1m[36mbegin transaction[0m
  ↳ db/seeds.rb:21
  [1m[36mUser Load (0.1ms)[0m  [1m[34mSELECT  "users".* FROM "users" WHERE "users"."id" = ? LIMIT ?[0m  [["id", 5], ["LIMIT", 1]]
  ↳ db/seeds.rb:21
  [1m[36mGossip Create (0.2ms)[0m  [1m[32mINSERT INTO "gossips" ("tag_id", "title", "content", "created_at", "updated_at", "user_id") VALUES (?, ?, ?, ?, ?, ?)[0m  [["tag_id", 10], ["title", "Roxton of the Ring"], ["content", "There comes a time when a man has to stand and fight! That time is when his friends' dreams are being laughed at! And I won't let you laugh at that!"], ["created_at", "2018-07-27 05:46:20.133776"], ["updated_at", "2018-07-27 05:46:20.133776"], ["user_id", 5]]
  ↳ db/seeds.rb:21
  [1m[35m (5.6ms)[0m  [1m[36mcommit transaction[0m
  ↳ db/seeds.rb:21
  [1m[35m (0.1ms)[0m  [1m[36mbegin transaction[0m
  ↳ db/seeds.rb:21
  [1m[36mUser Load (0.1ms)[0m  [1m[34mSELECT  "users".* FROM "users" WHERE "users"."id" = ? LIMIT ?[0m  [["id", 1], ["LIMIT", 1]]
  ↳ db/seeds.rb:21
  [1m[36mGossip Create (0.2ms)[0m  [1m[32mINSERT INTO "gossips" ("tag_id", "title", "content", "created_at", "updated_at", "user_id") VALUES (?, ?, ?, ?, ?, ?)[0m  [["tag_id", 8], ["title", "Wylde of Rain House"], ["content", "I don't wanna live a thousand years. If I just live through today, that'll be enough."], ["created_at", "2018-07-27 05:46:20.142038"], ["updated_at", "2018-07-27 05:46:20.142038"], ["user_id", 1]]
  ↳ db/seeds.rb:21
  [1m[35m (5.3ms)[0m  [1m[36mcommit transaction[0m
  ↳ db/seeds.rb:21
  [1m[35m (0.0ms)[0m  [1m[36mbegin transaction[0m
  ↳ db/seeds.rb:21
  [1m[36mUser Load (0.1ms)[0m  [1m[34mSELECT  "users".* FROM "users" WHERE "users"."id" = ? LIMIT ?[0m  [["id", 9], ["LIMIT", 1]]
  ↳ db/seeds.rb:21
  [1m[36mGossip Create (0.2ms)[0m  [1m[32mINSERT INTO "gossips" ("tag_id", "title", "content", "created_at", "updated_at", "user_id") VALUES (?, ?, ?, ?, ?, ?)[0m  [["tag_id", 5], ["title", "Kenning of Harlaw"], ["content", "Pirates are evil? The Marines are righteous?... Justice will prevail, you say? But of course it will! Whoever wins this war becomes justice!"], ["created_at", "2018-07-27 05:46:20.150051"], ["updated_at", "2018-07-27 05:46:20.150051"], ["user_id", 9]]
  ↳ db/seeds.rb:21
  [1m[35m (5.2ms)[0m  [1m[36mcommit transaction[0m
  ↳ db/seeds.rb:21
  [1m[35m (0.0ms)[0m  [1m[36mbegin transaction[0m
  ↳ db/seeds.rb:21
  [1m[36mUser Load (0.1ms)[0m  [1m[34mSELECT  "users".* FROM "users" WHERE "users"."id" = ? LIMIT ?[0m  [["id", 9], ["LIMIT", 1]]
  ↳ db/seeds.rb:21
  [1m[36mGossip Create (0.2ms)[0m  [1m[32mINSERT INTO "gossips" ("tag_id", "title", "content", "created_at", "updated_at", "user_id") VALUES (?, ?, ?, ?, ?, ?)[0m  [["tag_id", 5], ["title", "Frost"], ["content", "Don't ever think there's any perfect society made by humans!! If you think that way you'll overlook the enemy!! Don't be fooled by appearances!"], ["created_at", "2018-07-27 05:46:20.158075"], ["updated_at", "2018-07-27 05:46:20.158075"], ["user_id", 9]]
  ↳ db/seeds.rb:21
  [1m[35m (5.2ms)[0m  [1m[36mcommit transaction[0m
  ↳ db/seeds.rb:21
  [1m[35m (0.0ms)[0m  [1m[36mbegin transaction[0m
  ↳ db/seeds.rb:21
  [1m[36mUser Load (0.1ms)[0m  [1m[34mSELECT  "users".* FROM "users" WHERE "users"."id" = ? LIMIT ?[0m  [["id", 1], ["LIMIT", 1]]
  ↳ db/seeds.rb:21
  [1m[36mGossip Create (0.2ms)[0m  [1m[32mINSERT INTO "gossips" ("tag_id", "title", "content", "created_at", "updated_at", "user_id") VALUES (?, ?, ?, ?, ?, ?)[0m  [["tag_id", 7], ["title", "Harte"], ["content", "The royalty and nobles are behind the fire... Believe me... This town smells worse than Gray Terminal. It smells like rotten people! If I stay here... I'll never be free! I'm... ashamed to be born a noble!"], ["created_at", "2018-07-27 05:46:20.166039"], ["updated_at", "2018-07-27 05:46:20.166039"], ["user_id", 1]]
  ↳ db/seeds.rb:21
  [1m[35m (5.2ms)[0m  [1m[36mcommit transaction[0m
  ↳ db/seeds.rb:21
  [1m[35m (0.0ms)[0m  [1m[36mbegin transaction[0m
  ↳ db/seeds.rb:21
  [1m[36mUser Load (0.1ms)[0m  [1m[34mSELECT  "users".* FROM "users" WHERE "users"."id" = ? LIMIT ?[0m  [["id", 1], ["LIMIT", 1]]
  ↳ db/seeds.rb:21
  [1m[36mGossip Create (0.2ms)[0m  [1m[32mINSERT INTO "gossips" ("tag_id", "title", "content", "created_at", "updated_at", "user_id") VALUES (?, ?, ?, ?, ?, ?)[0m  [["tag_id", 3], ["title", "Bywater"], ["content", "Old man, everyone!! And you.. Luffy. Even though I've been good for nothing my whole life, even though I have the blood of a demon within me... You guys still loved me! Thank you so much!!"], ["created_at", "2018-07-27 05:46:20.174014"], ["updated_at", "2018-07-27 05:46:20.174014"], ["user_id", 1]]
  ↳ db/seeds.rb:21
  [1m[35m (5.1ms)[0m  [1m[36mcommit transaction[0m
  ↳ db/seeds.rb:21
  [1m[35m (0.0ms)[0m  [1m[36mbegin transaction[0m
  ↳ db/seeds.rb:21
  [1m[36mUser Load (0.1ms)[0m  [1m[34mSELECT  "users".* FROM "users" WHERE "users"."id" = ? LIMIT ?[0m  [["id", 8], ["LIMIT", 1]]
  ↳ db/seeds.rb:21
  [1m[36mGossip Create (0.2ms)[0m  [1m[32mINSERT INTO "gossips" ("tag_id", "title", "content", "created_at", "updated_at", "user_id") VALUES (?, ?, ?, ?, ?, ?)[0m  [["tag_id", 1], ["title", "Lightfoot"], ["content", "ONE PIECE IS REAL!"], ["created_at", "2018-07-27 05:46:20.181817"], ["updated_at", "2018-07-27 05:46:20.181817"], ["user_id", 8]]
  ↳ db/seeds.rb:21
  [1m[35m (5.1ms)[0m  [1m[36mcommit transaction[0m
  ↳ db/seeds.rb:21
  [1m[35m (0.0ms)[0m  [1m[36mbegin transaction[0m
  ↳ db/seeds.rb:21
  [1m[36mUser Load (0.1ms)[0m  [1m[34mSELECT  "users".* FROM "users" WHERE "users"."id" = ? LIMIT ?[0m  [["id", 2], ["LIMIT", 1]]
  ↳ db/seeds.rb:21
  [1m[36mGossip Create (0.2ms)[0m  [1m[32mINSERT INTO "gossips" ("tag_id", "title", "content", "created_at", "updated_at", "user_id") VALUES (?, ?, ?, ?, ?, ?)[0m  [["tag_id", 9], ["title", "Dustin of Barrowton"], ["content", "If you kill yourself, I'll kill you!"], ["created_at", "2018-07-27 05:46:20.189746"], ["updated_at", "2018-07-27 05:46:20.189746"], ["user_id", 2]]
  ↳ db/seeds.rb:21
  [1m[35m (4.9ms)[0m  [1m[36mcommit transaction[0m
  ↳ db/seeds.rb:21
  [1m[35m (0.0ms)[0m  [1m[36mbegin transaction[0m
  ↳ db/seeds.rb:21
  [1m[36mUser Load (0.1ms)[0m  [1m[34mSELECT  "users".* FROM "users" WHERE "users"."id" = ? LIMIT ?[0m  [["id", 2], ["LIMIT", 1]]
  ↳ db/seeds.rb:21
  [1m[36mGossip Create (0.2ms)[0m  [1m[32mINSERT INTO "gossips" ("tag_id", "title", "content", "created_at", "updated_at", "user_id") VALUES (?, ?, ?, ?, ?, ?)[0m  [["tag_id", 9], ["title", "Ashford of Ashford"], ["content", "I don't care now. I wanted to look like a human because I wanted friends. Now I want to be a monster who's helpful to Luffy!"], ["created_at", "2018-07-27 05:46:20.197533"], ["updated_at", "2018-07-27 05:46:20.197533"], ["user_id", 2]]
  ↳ db/seeds.rb:21
  [1m[35m (5.2ms)[0m  [1m[36mcommit transaction[0m
  ↳ db/seeds.rb:21
  [1m[35m (0.1ms)[0m  [1m[36mbegin transaction[0m
  ↳ db/seeds.rb:21
  [1m[36mUser Load (0.1ms)[0m  [1m[34mSELECT  "users".* FROM "users" WHERE "users"."id" = ? LIMIT ?[0m  [["id", 1], ["LIMIT", 1]]
  ↳ db/seeds.rb:21
  [1m[36mGossip Create (0.2ms)[0m  [1m[32mINSERT INTO "gossips" ("tag_id", "title", "content", "created_at", "updated_at", "user_id") VALUES (?, ?, ?, ?, ?, ?)[0m  [["tag_id", 3], ["title", "Melcolm of Old Anchor"], ["content", "Old man, everyone!! And you.. Luffy. Even though I've been good for nothing my whole life, even though I have the blood of a demon within me... You guys still loved me! Thank you so much!!"], ["created_at", "2018-07-27 05:46:20.205918"], ["updated_at", "2018-07-27 05:46:20.205918"], ["user_id", 1]]
  ↳ db/seeds.rb:21
  [1m[35m (6.4ms)[0m  [1m[36mcommit transaction[0m
  ↳ db/seeds.rb:21
  [1m[35m (0.1ms)[0m  [1m[36mbegin transaction[0m
  ↳ db/seeds.rb:21
  [1m[36mUser Load (0.1ms)[0m  [1m[34mSELECT  "users".* FROM "users" WHERE "users"."id" = ? LIMIT ?[0m  [["id", 9], ["LIMIT", 1]]
  ↳ db/seeds.rb:21
  [1m[36mGossip Create (0.2ms)[0m  [1m[32mINSERT INTO "gossips" ("tag_id", "title", "content", "created_at", "updated_at", "user_id") VALUES (?, ?, ?, ?, ?, ?)[0m  [["tag_id", 6], ["title", "Baelish of Harrenhal"], ["content", "There comes a time when a man has to stand and fight! That time is when his friends' dreams are being laughed at! And I won't let you laugh at that!"], ["created_at", "2018-07-27 05:46:20.214785"], ["updated_at", "2018-07-27 05:46:20.214785"], ["user_id", 9]]
  ↳ db/seeds.rb:21
  [1m[35m (5.1ms)[0m  [1m[36mcommit transaction[0m
  ↳ db/seeds.rb:21
  [1m[35m (0.0ms)[0m  [1m[36mbegin transaction[0m
  ↳ db/seeds.rb:21
  [1m[36mUser Load (0.1ms)[0m  [1m[34mSELECT  "users".* FROM "users" WHERE "users"."id" = ? LIMIT ?[0m  [["id", 4], ["LIMIT", 1]]
  ↳ db/seeds.rb:21
  [1m[36mGossip Create (0.1ms)[0m  [1m[32mINSERT INTO "gossips" ("tag_id", "title", "content", "created_at", "updated_at", "user_id") VALUES (?, ?, ?, ?, ?, ?)[0m  [["tag_id", 6], ["title", "Brightstone"], ["content", "If you want to protect something, do it right! Don't let them get their way anymore!"], ["created_at", "2018-07-27 05:46:20.225409"], ["updated_at", "2018-07-27 05:46:20.225409"], ["user_id", 4]]
  ↳ db/seeds.rb:21
  [1m[35m (3.8ms)[0m  [1m[36mcommit transaction[0m
  ↳ db/seeds.rb:21
  [1m[35m (0.1ms)[0m  [1m[36mbegin transaction[0m
  ↳ db/seeds.rb:21
  [1m[36mUser Load (0.1ms)[0m  [1m[34mSELECT  "users".* FROM "users" WHERE "users"."id" = ? LIMIT ?[0m  [["id", 9], ["LIMIT", 1]]
  ↳ db/seeds.rb:21
  [1m[36mGossip Create (0.2ms)[0m  [1m[32mINSERT INTO "gossips" ("tag_id", "title", "content", "created_at", "updated_at", "user_id") VALUES (?, ?, ?, ?, ?, ?)[0m  [["tag_id", 9], ["title", "Rogers of Amberly"], ["content", "Don't ever think there's any perfect society made by humans!! If you think that way you'll overlook the enemy!! Don't be fooled by appearances!"], ["created_at", "2018-07-27 05:46:20.232155"], ["updated_at", "2018-07-27 05:46:20.232155"], ["user_id", 9]]
  ↳ db/seeds.rb:21
  [1m[35m (4.3ms)[0m  [1m[36mcommit transaction[0m
  ↳ db/seeds.rb:21
  [1m[35m (0.0ms)[0m  [1m[36mbegin transaction[0m
  ↳ db/seeds.rb:21
  [1m[36mUser Load (0.1ms)[0m  [1m[34mSELECT  "users".* FROM "users" WHERE "users"."id" = ? LIMIT ?[0m  [["id", 10], ["LIMIT", 1]]
  ↳ db/seeds.rb:21
  [1m[36mGossip Create (0.2ms)[0m  [1m[32mINSERT INTO "gossips" ("tag_id", "title", "content", "created_at", "updated_at", "user_id") VALUES (?, ?, ?, ?, ?, ?)[0m  [["tag_id", 7], ["title", "Connington of Griffin's Roost"], ["content", "You can spill drinks on me, even spit on me. I'll just laugh about it. But If you dare to hurt my friends... I won't forgive you!"], ["created_at", "2018-07-27 05:46:20.239091"], ["updated_at", "2018-07-27 05:46:20.239091"], ["user_id", 10]]
  ↳ db/seeds.rb:21
  [1m[35m (4.2ms)[0m  [1m[36mcommit transaction[0m
  ↳ db/seeds.rb:21
  [1m[35m (0.1ms)[0m  [1m[36mbegin transaction[0m
  ↳ db/seeds.rb:26
  [1m[36mTag Create (0.2ms)[0m  [1m[32mINSERT INTO "tags" ("gossip_id", "title", "created_at", "updated_at") VALUES (?, ?, ?, ?)[0m  [["gossip_id", 6], ["title", "#Shells Town"], ["created_at", "2018-07-27 05:46:20.252695"], ["updated_at", "2018-07-27 05:46:20.252695"]]
  ↳ db/seeds.rb:26
  [1m[35m (4.0ms)[0m  [1m[36mcommit transaction[0m
  ↳ db/seeds.rb:26
  [1m[35m (0.0ms)[0m  [1m[36mbegin transaction[0m
  ↳ db/seeds.rb:26
  [1m[36mTag Create (0.2ms)[0m  [1m[32mINSERT INTO "tags" ("gossip_id", "title", "created_at", "updated_at") VALUES (?, ?, ?, ?)[0m  [["gossip_id", 11], ["title", "#Loguetown"], ["created_at", "2018-07-27 05:46:20.259029"], ["updated_at", "2018-07-27 05:46:20.259029"]]
  ↳ db/seeds.rb:26
  [1m[35m (4.1ms)[0m  [1m[36mcommit transaction[0m
  ↳ db/seeds.rb:26
  [1m[35m (0.0ms)[0m  [1m[36mbegin transaction[0m
  ↳ db/seeds.rb:26
  [1m[36mTag Create (0.2ms)[0m  [1m[32mINSERT INTO "tags" ("gossip_id", "title", "created_at", "updated_at") VALUES (?, ?, ?, ?)[0m  [["gossip_id", 16], ["title", "#Holliday Island"], ["created_at", "2018-07-27 05:46:20.265413"], ["updated_at", "2018-07-27 05:46:20.265413"]]
  ↳ db/seeds.rb:26
  [1m[35m (5.0ms)[0m  [1m[36mcommit transaction[0m
  ↳ db/seeds.rb:26
  [1m[35m (0.0ms)[0m  [1m[36mbegin transaction[0m
  ↳ db/seeds.rb:26
  [1m[36mTag Create (0.2ms)[0m  [1m[32mINSERT INTO "tags" ("gossip_id", "title", "created_at", "updated_at") VALUES (?, ?, ?, ?)[0m  [["gossip_id", 16], ["title", "#Mamoiro Island"], ["created_at", "2018-07-27 05:46:20.272536"], ["updated_at", "2018-07-27 05:46:20.272536"]]
  ↳ db/seeds.rb:26
  [1m[35m (3.8ms)[0m  [1m[36mcommit transaction[0m
  ↳ db/seeds.rb:26
  [1m[35m (0.0ms)[0m  [1m[36mbegin transaction[0m
  ↳ db/seeds.rb:26
  [1m[36mTag Create (0.2ms)[0m  [1m[32mINSERT INTO "tags" ("gossip_id", "title", "created_at", "updated_at") VALUES (?, ?, ?, ?)[0m  [["gossip_id", 10], ["title", "#Long Ring Long Land"], ["created_at", "2018-07-27 05:46:20.278414"], ["updated_at", "2018-07-27 05:46:20.278414"]]
  ↳ db/seeds.rb:26
  [1m[35m (4.9ms)[0m  [1m[36mcommit transaction[0m
  ↳ db/seeds.rb:26
  [1m[35m (0.0ms)[0m  [1m[36mbegin transaction[0m
  ↳ db/seeds.rb:26
  [1m[36mTag Create (0.2ms)[0m  [1m[32mINSERT INTO "tags" ("gossip_id", "title", "created_at", "updated_at") VALUES (?, ?, ?, ?)[0m  [["gossip_id", 14], ["title", "#Weatheria"], ["created_at", "2018-07-27 05:46:20.285375"], ["updated_at", "2018-07-27 05:46:20.285375"]]
  ↳ db/seeds.rb:26
  [1m[35m (4.7ms)[0m  [1m[36mcommit transaction[0m
  ↳ db/seeds.rb:26
  [1m[35m (0.0ms)[0m  [1m[36mbegin transaction[0m
  ↳ db/seeds.rb:26
  [1m[36mTag Create (0.1ms)[0m  [1m[32mINSERT INTO "tags" ("gossip_id", "title", "created_at", "updated_at") VALUES (?, ?, ?, ?)[0m  [["gossip_id", 3], ["title", "#Green Bit"], ["created_at", "2018-07-27 05:46:20.292165"], ["updated_at", "2018-07-27 05:46:20.292165"]]
  ↳ db/seeds.rb:26
  [1m[35m (4.3ms)[0m  [1m[36mcommit transaction[0m
  ↳ db/seeds.rb:26
  [1m[35m (0.0ms)[0m  [1m[36mbegin transaction[0m
  ↳ db/seeds.rb:26
  [1m[36mTag Create (0.2ms)[0m  [1m[32mINSERT INTO "tags" ("gossip_id", "title", "created_at", "updated_at") VALUES (?, ?, ?, ?)[0m  [["gossip_id", 16], ["title", "#Kuraigana Island"], ["created_at", "2018-07-27 05:46:20.298410"], ["updated_at", "2018-07-27 05:46:20.298410"]]
  ↳ db/seeds.rb:26
  [1m[35m (4.7ms)[0m  [1m[36mcommit transaction[0m
  ↳ db/seeds.rb:26
  [1m[35m (0.1ms)[0m  [1m[36mbegin transaction[0m
  ↳ db/seeds.rb:26
  [1m[36mTag Create (0.2ms)[0m  [1m[32mINSERT INTO "tags" ("gossip_id", "title", "created_at", "updated_at") VALUES (?, ?, ?, ?)[0m  [["gossip_id", 16], ["title", "#Merveille"], ["created_at", "2018-07-27 05:46:20.305132"], ["updated_at", "2018-07-27 05:46:20.305132"]]
  ↳ db/seeds.rb:26
  [1m[35m (3.8ms)[0m  [1m[36mcommit transaction[0m
  ↳ db/seeds.rb:26
  [1m[35m (0.0ms)[0m  [1m[36mbegin transaction[0m
  ↳ db/seeds.rb:26
  [1m[36mTag Create (0.2ms)[0m  [1m[32mINSERT INTO "tags" ("gossip_id", "title", "created_at", "updated_at") VALUES (?, ?, ?, ?)[0m  [["gossip_id", 8], ["title", "#Torino Kingdom"], ["created_at", "2018-07-27 05:46:20.310924"], ["updated_at", "2018-07-27 05:46:20.310924"]]
  ↳ db/seeds.rb:26
  [1m[35m (5.1ms)[0m  [1m[36mcommit transaction[0m
  ↳ db/seeds.rb:26
  [1m[35m (0.0ms)[0m  [1m[36mbegin transaction[0m
  ↳ db/seeds.rb:30
  [1m[36mUser Load (0.1ms)[0m  [1m[34mSELECT  "users".* FROM "users" WHERE "users"."id" = ? LIMIT ?[0m  [["id", 2], ["LIMIT", 1]]
  ↳ db/seeds.rb:30
  [1m[36mUser Load (0.1ms)[0m  [1m[34mSELECT  "users".* FROM "users" WHERE "users"."id" = ? LIMIT ?[0m  [["id", 8], ["LIMIT", 1]]
  ↳ db/seeds.rb:30
  [1m[36mPrivateMessage Create (0.2ms)[0m  [1m[32mINSERT INTO "private_messages" ("recipient_id", "sender_id", "content", "created_at", "updated_at") VALUES (?, ?, ?, ?, ?)[0m  [["recipient_id", 8], ["sender_id", 2], ["content", "When the snows fall and the white winds blow, the lone wolf dies but the pack survives."], ["created_at", "2018-07-27 05:46:20.327580"], ["updated_at", "2018-07-27 05:46:20.327580"]]
  ↳ db/seeds.rb:30
  [1m[35m (4.1ms)[0m  [1m[36mcommit transaction[0m
  ↳ db/seeds.rb:30
  [1m[35m (0.0ms)[0m  [1m[36mbegin transaction[0m
  ↳ db/seeds.rb:30
  [1m[36mUser Load (0.1ms)[0m  [1m[34mSELECT  "users".* FROM "users" WHERE "users"."id" = ? LIMIT ?[0m  [["id", 2], ["LIMIT", 1]]
  ↳ db/seeds.rb:30
  [1m[36mUser Load (0.1ms)[0m  [1m[34mSELECT  "users".* FROM "users" WHERE "users"."id" = ? LIMIT ?[0m  [["id", 5], ["LIMIT", 1]]
  ↳ db/seeds.rb:30
  [1m[36mPrivateMessage Create (0.2ms)[0m  [1m[32mINSERT INTO "private_messages" ("recipient_id", "sender_id", "content", "created_at", "updated_at") VALUES (?, ?, ?, ?, ?)[0m  [["recipient_id", 5], ["sender_id", 2], ["content", "Power is a curious thing. Who lives, Who dies. Power resides where men believe it resides. It is a trick, A shadow on the wall."], ["created_at", "2018-07-27 05:46:20.335026"], ["updated_at", "2018-07-27 05:46:20.335026"]]
  ↳ db/seeds.rb:30
  [1m[35m (5.3ms)[0m  [1m[36mcommit transaction[0m
  ↳ db/seeds.rb:30
  [1m[35m (0.0ms)[0m  [1m[36mbegin transaction[0m
  ↳ db/seeds.rb:34
  [1m[36mUser Load (0.1ms)[0m  [1m[34mSELECT  "users".* FROM "users" WHERE "users"."id" = ? LIMIT ?[0m  [["id", 6], ["LIMIT", 1]]
  ↳ db/seeds.rb:34
  [1m[36mGossip Load (0.1ms)[0m  [1m[34mSELECT  "gossips".* FROM "gossips" WHERE "gossips"."id" = ? LIMIT ?[0m  [["id", 1], ["LIMIT", 1]]
  ↳ db/seeds.rb:34
  [1m[36mComment Create (0.2ms)[0m  [1m[32mINSERT INTO "comments" ("user_id", "gossip_id", "content", "created_at", "updated_at") VALUES (?, ?, ?, ?, ?)[0m  [["user_id", 6], ["gossip_id", 1], ["content", "Give me honorable enemies rather than ambitious ones, and I'll sleep more easily by night."], ["created_at", "2018-07-27 05:46:20.352631"], ["updated_at", "2018-07-27 05:46:20.352631"]]
  ↳ db/seeds.rb:34
  [1m[35m (4.1ms)[0m  [1m[36mcommit transaction[0m
  ↳ db/seeds.rb:34
  [1m[35m (0.0ms)[0m  [1m[36mbegin transaction[0m
  ↳ db/seeds.rb:34
  [1m[36mUser Load (0.1ms)[0m  [1m[34mSELECT  "users".* FROM "users" WHERE "users"."id" = ? LIMIT ?[0m  [["id", 6], ["LIMIT", 1]]
  ↳ db/seeds.rb:34
  [1m[36mGossip Load (0.0ms)[0m  [1m[34mSELECT  "gossips".* FROM "gossips" WHERE "gossips"."id" = ? LIMIT ?[0m  [["id", 1], ["LIMIT", 1]]
  ↳ db/seeds.rb:34
  [1m[36mComment Create (0.2ms)[0m  [1m[32mINSERT INTO "comments" ("user_id", "gossip_id", "content", "created_at", "updated_at") VALUES (?, ?, ?, ?, ?)[0m  [["user_id", 6], ["gossip_id", 1], ["content", "All dwarfs are bastards in their father's eyes"], ["created_at", "2018-07-27 05:46:20.360002"], ["updated_at", "2018-07-27 05:46:20.360002"]]
  ↳ db/seeds.rb:34
  [1m[35m (4.2ms)[0m  [1m[36mcommit transaction[0m
  ↳ db/seeds.rb:34
  [1m[35m (0.0ms)[0m  [1m[36mbegin transaction[0m
  ↳ db/seeds.rb:34
  [1m[36mUser Load (0.1ms)[0m  [1m[34mSELECT  "users".* FROM "users" WHERE "users"."id" = ? LIMIT ?[0m  [["id", 6], ["LIMIT", 1]]
  ↳ db/seeds.rb:34
  [1m[36mGossip Load (0.1ms)[0m  [1m[34mSELECT  "gossips".* FROM "gossips" WHERE "gossips"."id" = ? LIMIT ?[0m  [["id", 4], ["LIMIT", 1]]
  ↳ db/seeds.rb:34
  [1m[36mComment Create (0.2ms)[0m  [1m[32mINSERT INTO "comments" ("user_id", "gossip_id", "content", "created_at", "updated_at") VALUES (?, ?, ?, ?, ?)[0m  [["user_id", 6], ["gossip_id", 4], ["content", "And I have a tender spot in my heart for cripples and bastards and broken things."], ["created_at", "2018-07-27 05:46:20.367303"], ["updated_at", "2018-07-27 05:46:20.367303"]]
  ↳ db/seeds.rb:34
  [1m[35m (4.3ms)[0m  [1m[36mcommit transaction[0m
  ↳ db/seeds.rb:34
  [1m[35m (0.0ms)[0m  [1m[36mbegin transaction[0m
  ↳ db/seeds.rb:34
  [1m[36mUser Load (0.1ms)[0m  [1m[34mSELECT  "users".* FROM "users" WHERE "users"."id" = ? LIMIT ?[0m  [["id", 8], ["LIMIT", 1]]
  ↳ db/seeds.rb:34
  [1m[36mGossip Load (0.1ms)[0m  [1m[34mSELECT  "gossips".* FROM "gossips" WHERE "gossips"."id" = ? LIMIT ?[0m  [["id", 5], ["LIMIT", 1]]
  ↳ db/seeds.rb:34
  [1m[36mComment Create (0.2ms)[0m  [1m[32mINSERT INTO "comments" ("user_id", "gossip_id", "content", "created_at", "updated_at") VALUES (?, ?, ?, ?, ?)[0m  [["user_id", 8], ["gossip_id", 5], ["content", "Do the dead frighten you?"], ["created_at", "2018-07-27 05:46:20.374744"], ["updated_at", "2018-07-27 05:46:20.374744"]]
  ↳ db/seeds.rb:34
  [1m[35m (5.2ms)[0m  [1m[36mcommit transaction[0m
  ↳ db/seeds.rb:34
  [1m[35m (0.0ms)[0m  [1m[36mbegin transaction[0m
  ↳ db/seeds.rb:34
  [1m[36mUser Load (0.1ms)[0m  [1m[34mSELECT  "users".* FROM "users" WHERE "users"."id" = ? LIMIT ?[0m  [["id", 3], ["LIMIT", 1]]
  ↳ db/seeds.rb:34
  [1m[36mGossip Load (0.1ms)[0m  [1m[34mSELECT  "gossips".* FROM "gossips" WHERE "gossips"."id" = ? LIMIT ?[0m  [["id", 2], ["LIMIT", 1]]
  ↳ db/seeds.rb:34
  [1m[36mComment Create (0.2ms)[0m  [1m[32mINSERT INTO "comments" ("user_id", "gossip_id", "content", "created_at", "updated_at") VALUES (?, ?, ?, ?, ?)[0m  [["user_id", 3], ["gossip_id", 2], ["content", "All dwarfs are bastards in their father's eyes"], ["created_at", "2018-07-27 05:46:20.383192"], ["updated_at", "2018-07-27 05:46:20.383192"]]
  ↳ db/seeds.rb:34
  [1m[35m (4.1ms)[0m  [1m[36mcommit transaction[0m
  ↳ db/seeds.rb:34
  [1m[35m (0.0ms)[0m  [1m[36mbegin transaction[0m
  ↳ db/seeds.rb:34
  [1m[36mUser Load (0.1ms)[0m  [1m[34mSELECT  "users".* FROM "users" WHERE "users"."id" = ? LIMIT ?[0m  [["id", 3], ["LIMIT", 1]]
  ↳ db/seeds.rb:34
  [1m[36mGossip Load (0.1ms)[0m  [1m[34mSELECT  "gossips".* FROM "gossips" WHERE "gossips"."id" = ? LIMIT ?[0m  [["id", 10], ["LIMIT", 1]]
  ↳ db/seeds.rb:34
  [1m[36mComment Create (0.2ms)[0m  [1m[32mINSERT INTO "comments" ("user_id", "gossip_id", "content", "created_at", "updated_at") VALUES (?, ?, ?, ?, ?)[0m  [["user_id", 3], ["gossip_id", 10], ["content", "All dwarfs are bastards in their father's eyes"], ["created_at", "2018-07-27 05:46:20.390449"], ["updated_at", "2018-07-27 05:46:20.390449"]]
  ↳ db/seeds.rb:34
  [1m[35m (5.0ms)[0m  [1m[36mcommit transaction[0m
  ↳ db/seeds.rb:34
  [1m[35m (0.0ms)[0m  [1m[36mbegin transaction[0m
  ↳ db/seeds.rb:34
  [1m[36mUser Load (0.1ms)[0m  [1m[34mSELECT  "users".* FROM "users" WHERE "users"."id" = ? LIMIT ?[0m  [["id", 2], ["LIMIT", 1]]
  ↳ db/seeds.rb:34
  [1m[36mGossip Load (0.0ms)[0m  [1m[34mSELECT  "gossips".* FROM "gossips" WHERE "gossips"."id" = ? LIMIT ?[0m  [["id", 8], ["LIMIT", 1]]
  ↳ db/seeds.rb:34
  [1m[36mComment Create (0.2ms)[0m  [1m[32mINSERT INTO "comments" ("user_id", "gossip_id", "content", "created_at", "updated_at") VALUES (?, ?, ?, ?, ?)[0m  [["user_id", 2], ["gossip_id", 8], ["content", "A lion doesn't concern itself with the opinion of sheep."], ["created_at", "2018-07-27 05:46:20.398553"], ["updated_at", "2018-07-27 05:46:20.398553"]]
  ↳ db/seeds.rb:34
  [1m[35m (5.0ms)[0m  [1m[36mcommit transaction[0m
  ↳ db/seeds.rb:34
  [1m[35m (0.0ms)[0m  [1m[36mbegin transaction[0m
  ↳ db/seeds.rb:34
  [1m[36mUser Load (0.1ms)[0m  [1m[34mSELECT  "users".* FROM "users" WHERE "users"."id" = ? LIMIT ?[0m  [["id", 2], ["LIMIT", 1]]
  ↳ db/seeds.rb:34
  [1m[36mGossip Load (0.1ms)[0m  [1m[34mSELECT  "gossips".* FROM "gossips" WHERE "gossips"."id" = ? LIMIT ?[0m  [["id", 1], ["LIMIT", 1]]
  ↳ db/seeds.rb:34
  [1m[36mComment Create (0.2ms)[0m  [1m[32mINSERT INTO "comments" ("user_id", "gossip_id", "content", "created_at", "updated_at") VALUES (?, ?, ?, ?, ?)[0m  [["user_id", 2], ["gossip_id", 1], ["content", "Laughter is poison to fear."], ["created_at", "2018-07-27 05:46:20.406772"], ["updated_at", "2018-07-27 05:46:20.406772"]]
  ↳ db/seeds.rb:34
  [1m[35m (5.0ms)[0m  [1m[36mcommit transaction[0m
  ↳ db/seeds.rb:34
  [1m[35m (0.0ms)[0m  [1m[36mbegin transaction[0m
  ↳ db/seeds.rb:34
  [1m[36mUser Load (0.1ms)[0m  [1m[34mSELECT  "users".* FROM "users" WHERE "users"."id" = ? LIMIT ?[0m  [["id", 8], ["LIMIT", 1]]
  ↳ db/seeds.rb:34
  [1m[36mGossip Load (0.1ms)[0m  [1m[34mSELECT  "gossips".* FROM "gossips" WHERE "gossips"."id" = ? LIMIT ?[0m  [["id", 9], ["LIMIT", 1]]
  ↳ db/seeds.rb:34
  [1m[36mComment Create (0.2ms)[0m  [1m[32mINSERT INTO "comments" ("user_id", "gossip_id", "content", "created_at", "updated_at") VALUES (?, ?, ?, ?, ?)[0m  [["user_id", 8], ["gossip_id", 9], ["content", "And I have a tender spot in my heart for cripples and bastards and broken things."], ["created_at", "2018-07-27 05:46:20.414987"], ["updated_at", "2018-07-27 05:46:20.414987"]]
  ↳ db/seeds.rb:34
  [1m[35m (5.6ms)[0m  [1m[36mcommit transaction[0m
  ↳ db/seeds.rb:34
  [1m[35m (0.0ms)[0m  [1m[36mbegin transaction[0m
  ↳ db/seeds.rb:34
  [1m[36mUser Load (0.1ms)[0m  [1m[34mSELECT  "users".* FROM "users" WHERE "users"."id" = ? LIMIT ?[0m  [["id", 4], ["LIMIT", 1]]
  ↳ db/seeds.rb:34
  [1m[36mGossip Load (0.0ms)[0m  [1m[34mSELECT  "gossips".* FROM "gossips" WHERE "gossips"."id" = ? LIMIT ?[0m  [["id", 5], ["LIMIT", 1]]
  ↳ db/seeds.rb:34
  [1m[36mComment Create (0.2ms)[0m  [1m[32mINSERT INTO "comments" ("user_id", "gossip_id", "content", "created_at", "updated_at") VALUES (?, ?, ?, ?, ?)[0m  [["user_id", 4], ["gossip_id", 5], ["content", "Some old wounds never truly heal, and bleed again at the slightest word."], ["created_at", "2018-07-27 05:46:20.423376"], ["updated_at", "2018-07-27 05:46:20.423376"]]
  ↳ db/seeds.rb:34
  [1m[35m (4.0ms)[0m  [1m[36mcommit transaction[0m
  ↳ db/seeds.rb:34
  [1m[35m (0.1ms)[0m  [1m[36mbegin transaction[0m
  ↳ db/seeds.rb:34
  [1m[36mUser Load (0.1ms)[0m  [1m[34mSELECT  "users".* FROM "users" WHERE "users"."id" = ? LIMIT ?[0m  [["id", 9], ["LIMIT", 1]]
  ↳ db/seeds.rb:34
  [1m[36mGossip Load (0.0ms)[0m  [1m[34mSELECT  "gossips".* FROM "gossips" WHERE "gossips"."id" = ? LIMIT ?[0m  [["id", 2], ["LIMIT", 1]]
  ↳ db/seeds.rb:34
  [1m[36mComment Create (0.2ms)[0m  [1m[32mINSERT INTO "comments" ("user_id", "gossip_id", "content", "created_at", "updated_at") VALUES (?, ?, ?, ?, ?)[0m  [["user_id", 9], ["gossip_id", 2], ["content", "Laughter is poison to fear."], ["created_at", "2018-07-27 05:46:20.431340"], ["updated_at", "2018-07-27 05:46:20.431340"]]
  ↳ db/seeds.rb:34
  [1m[35m (4.1ms)[0m  [1m[36mcommit transaction[0m
  ↳ db/seeds.rb:34
  [1m[35m (0.1ms)[0m  [1m[36mbegin transaction[0m
  ↳ db/seeds.rb:34
  [1m[36mUser Load (0.1ms)[0m  [1m[34mSELECT  "users".* FROM "users" WHERE "users"."id" = ? LIMIT ?[0m  [["id", 6], ["LIMIT", 1]]
  ↳ db/seeds.rb:34
  [1m[36mGossip Load (0.1ms)[0m  [1m[34mSELECT  "gossips".* FROM "gossips" WHERE "gossips"."id" = ? LIMIT ?[0m  [["id", 10], ["LIMIT", 1]]
  ↳ db/seeds.rb:34
  [1m[36mComment Create (0.2ms)[0m  [1m[32mINSERT INTO "comments" ("user_id", "gossip_id", "content", "created_at", "updated_at") VALUES (?, ?, ?, ?, ?)[0m  [["user_id", 6], ["gossip_id", 10], ["content", "Why is it that when one man builds a wall, the next man immediately needs to know what's on the other side?"], ["created_at", "2018-07-27 05:46:20.438718"], ["updated_at", "2018-07-27 05:46:20.438718"]]
  ↳ db/seeds.rb:34
  [1m[35m (5.2ms)[0m  [1m[36mcommit transaction[0m
  ↳ db/seeds.rb:34
  [1m[35m (0.0ms)[0m  [1m[36mbegin transaction[0m
  ↳ db/seeds.rb:34
  [1m[36mUser Load (0.1ms)[0m  [1m[34mSELECT  "users".* FROM "users" WHERE "users"."id" = ? LIMIT ?[0m  [["id", 2], ["LIMIT", 1]]
  ↳ db/seeds.rb:34
  [1m[36mGossip Load (0.1ms)[0m  [1m[34mSELECT  "gossips".* FROM "gossips" WHERE "gossips"."id" = ? LIMIT ?[0m  [["id", 1], ["LIMIT", 1]]
  ↳ db/seeds.rb:34
  [1m[36mComment Create (0.2ms)[0m  [1m[32mINSERT INTO "comments" ("user_id", "gossip_id", "content", "created_at", "updated_at") VALUES (?, ?, ?, ?, ?)[0m  [["user_id", 2], ["gossip_id", 1], ["content", "Hodor? Hodor."], ["created_at", "2018-07-27 05:46:20.447440"], ["updated_at", "2018-07-27 05:46:20.447440"]]
  ↳ db/seeds.rb:34
  [1m[35m (4.1ms)[0m  [1m[36mcommit transaction[0m
  ↳ db/seeds.rb:34
  [1m[35m (0.0ms)[0m  [1m[36mbegin transaction[0m
  ↳ db/seeds.rb:34
  [1m[36mUser Load (0.1ms)[0m  [1m[34mSELECT  "users".* FROM "users" WHERE "users"."id" = ? LIMIT ?[0m  [["id", 3], ["LIMIT", 1]]
  ↳ db/seeds.rb:34
  [1m[36mGossip Load (0.0ms)[0m  [1m[34mSELECT  "gossips".* FROM "gossips" WHERE "gossips"."id" = ? LIMIT ?[0m  [["id", 4], ["LIMIT", 1]]
  ↳ db/seeds.rb:34
  [1m[36mComment Create (0.2ms)[0m  [1m[32mINSERT INTO "comments" ("user_id", "gossip_id", "content", "created_at", "updated_at") VALUES (?, ?, ?, ?, ?)[0m  [["user_id", 3], ["gossip_id", 4], ["content", "... a mind needs books as a sword needs a whetstone, if it is to keep its edge."], ["created_at", "2018-07-27 05:46:20.454867"], ["updated_at", "2018-07-27 05:46:20.454867"]]
  ↳ db/seeds.rb:34
  [1m[35m (4.8ms)[0m  [1m[36mcommit transaction[0m
  ↳ db/seeds.rb:34
  [1m[35m (0.0ms)[0m  [1m[36mbegin transaction[0m
  ↳ db/seeds.rb:34
  [1m[36mUser Load (0.1ms)[0m  [1m[34mSELECT  "users".* FROM "users" WHERE "users"."id" = ? LIMIT ?[0m  [["id", 8], ["LIMIT", 1]]
  ↳ db/seeds.rb:34
  [1m[36mGossip Load (0.1ms)[0m  [1m[34mSELECT  "gossips".* FROM "gossips" WHERE "gossips"."id" = ? LIMIT ?[0m  [["id", 4], ["LIMIT", 1]]
  ↳ db/seeds.rb:34
  [1m[36mComment Create (0.2ms)[0m  [1m[32mINSERT INTO "comments" ("user_id", "gossip_id", "content", "created_at", "updated_at") VALUES (?, ?, ?, ?, ?)[0m  [["user_id", 8], ["gossip_id", 4], ["content", "Power is a curious thing. Who lives, Who dies. Power resides where men believe it resides. It is a trick, A shadow on the wall."], ["created_at", "2018-07-27 05:46:20.462861"], ["updated_at", "2018-07-27 05:46:20.462861"]]
  ↳ db/seeds.rb:34
  [1m[35m (4.7ms)[0m  [1m[36mcommit transaction[0m
  ↳ db/seeds.rb:34
  [1m[35m (0.1ms)[0m  [1m[36mbegin transaction[0m
  ↳ db/seeds.rb:34
  [1m[36mUser Load (0.1ms)[0m  [1m[34mSELECT  "users".* FROM "users" WHERE "users"."id" = ? LIMIT ?[0m  [["id", 7], ["LIMIT", 1]]
  ↳ db/seeds.rb:34
  [1m[36mGossip Load (0.1ms)[0m  [1m[34mSELECT  "gossips".* FROM "gossips" WHERE "gossips"."id" = ? LIMIT ?[0m  [["id", 3], ["LIMIT", 1]]
  ↳ db/seeds.rb:34
  [1m[36mComment Create (0.2ms)[0m  [1m[32mINSERT INTO "comments" ("user_id", "gossip_id", "content", "created_at", "updated_at") VALUES (?, ?, ?, ?, ?)[0m  [["user_id", 7], ["gossip_id", 3], ["content", "Knowledge could be more valuable than gold, more deadly than a dagger."], ["created_at", "2018-07-27 05:46:20.470803"], ["updated_at", "2018-07-27 05:46:20.470803"]]
  ↳ db/seeds.rb:34
  [1m[35m (5.1ms)[0m  [1m[36mcommit transaction[0m
  ↳ db/seeds.rb:34
  [1m[35m (0.0ms)[0m  [1m[36mbegin transaction[0m
  ↳ db/seeds.rb:34
  [1m[36mUser Load (0.1ms)[0m  [1m[34mSELECT  "users".* FROM "users" WHERE "users"."id" = ? LIMIT ?[0m  [["id", 8], ["LIMIT", 1]]
  ↳ db/seeds.rb:34
  [1m[36mGossip Load (0.0ms)[0m  [1m[34mSELECT  "gossips".* FROM "gossips" WHERE "gossips"."id" = ? LIMIT ?[0m  [["id", 4], ["LIMIT", 1]]
  ↳ db/seeds.rb:34
  [1m[36mComment Create (0.2ms)[0m  [1m[32mINSERT INTO "comments" ("user_id", "gossip_id", "content", "created_at", "updated_at") VALUES (?, ?, ?, ?, ?)[0m  [["user_id", 8], ["gossip_id", 4], ["content", "Why is it that when one man builds a wall, the next man immediately needs to know what's on the other side?"], ["created_at", "2018-07-27 05:46:20.478995"], ["updated_at", "2018-07-27 05:46:20.478995"]]
  ↳ db/seeds.rb:34
  [1m[35m (4.9ms)[0m  [1m[36mcommit transaction[0m
  ↳ db/seeds.rb:34
  [1m[35m (0.1ms)[0m  [1m[36mbegin transaction[0m
  ↳ db/seeds.rb:34
  [1m[36mUser Load (0.1ms)[0m  [1m[34mSELECT  "users".* FROM "users" WHERE "users"."id" = ? LIMIT ?[0m  [["id", 2], ["LIMIT", 1]]
  ↳ db/seeds.rb:34
  [1m[36mGossip Load (0.1ms)[0m  [1m[34mSELECT  "gossips".* FROM "gossips" WHERE "gossips"."id" = ? LIMIT ?[0m  [["id", 9], ["LIMIT", 1]]
  ↳ db/seeds.rb:34
  [1m[36mComment Create (0.2ms)[0m  [1m[32mINSERT INTO "comments" ("user_id", "gossip_id", "content", "created_at", "updated_at") VALUES (?, ?, ?, ?, ?)[0m  [["user_id", 2], ["gossip_id", 9], ["content", "When the snows fall and the white winds blow, the lone wolf dies but the pack survives."], ["created_at", "2018-07-27 05:46:20.487184"], ["updated_at", "2018-07-27 05:46:20.487184"]]
  ↳ db/seeds.rb:34
  [1m[35m (4.0ms)[0m  [1m[36mcommit transaction[0m
  ↳ db/seeds.rb:34
  [1m[35m (0.0ms)[0m  [1m[36mbegin transaction[0m
  ↳ db/seeds.rb:34
  [1m[36mUser Load (0.1ms)[0m  [1m[34mSELECT  "users".* FROM "users" WHERE "users"."id" = ? LIMIT ?[0m  [["id", 10], ["LIMIT", 1]]
  ↳ db/seeds.rb:34
  [1m[36mGossip Load (0.0ms)[0m  [1m[34mSELECT  "gossips".* FROM "gossips" WHERE "gossips"."id" = ? LIMIT ?[0m  [["id", 9], ["LIMIT", 1]]
  ↳ db/seeds.rb:34
  [1m[36mComment Create (0.2ms)[0m  [1m[32mINSERT INTO "comments" ("user_id", "gossip_id", "content", "created_at", "updated_at") VALUES (?, ?, ?, ?, ?)[0m  [["user_id", 10], ["gossip_id", 9], ["content", "Laughter is poison to fear."], ["created_at", "2018-07-27 05:46:20.494270"], ["updated_at", "2018-07-27 05:46:20.494270"]]
  ↳ db/seeds.rb:34
  [1m[35m (4.8ms)[0m  [1m[36mcommit transaction[0m
  ↳ db/seeds.rb:34
  [1m[35m (0.0ms)[0m  [1m[36mbegin transaction[0m
  ↳ db/seeds.rb:34
  [1m[36mUser Load (0.1ms)[0m  [1m[34mSELECT  "users".* FROM "users" WHERE "users"."id" = ? LIMIT ?[0m  [["id", 9], ["LIMIT", 1]]
  ↳ db/seeds.rb:34
  [1m[36mGossip Load (0.0ms)[0m  [1m[34mSELECT  "gossips".* FROM "gossips" WHERE "gossips"."id" = ? LIMIT ?[0m  [["id", 10], ["LIMIT", 1]]
  ↳ db/seeds.rb:34
  [1m[36mComment Create (0.2ms)[0m  [1m[32mINSERT INTO "comments" ("user_id", "gossip_id", "content", "created_at", "updated_at") VALUES (?, ?, ?, ?, ?)[0m  [["user_id", 9], ["gossip_id", 10], ["content", "... a mind needs books as a sword needs a whetstone, if it is to keep its edge."], ["created_at", "2018-07-27 05:46:20.502163"], ["updated_at", "2018-07-27 05:46:20.502163"]]
  ↳ db/seeds.rb:34
  [1m[35m (5.3ms)[0m  [1m[36mcommit transaction[0m
  ↳ db/seeds.rb:34
  [1m[35m (0.0ms)[0m  [1m[36mbegin transaction[0m
  ↳ db/seeds.rb:38
  [1m[36mGossip Load (0.1ms)[0m  [1m[34mSELECT  "gossips".* FROM "gossips" WHERE "gossips"."id" = ? LIMIT ?[0m  [["id", 17], ["LIMIT", 1]]
  ↳ db/seeds.rb:38
  [1m[36mComment Load (0.1ms)[0m  [1m[34mSELECT  "comments".* FROM "comments" WHERE "comments"."id" = ? LIMIT ?[0m  [["id", 16], ["LIMIT", 1]]
  ↳ db/seeds.rb:38
  [1m[36mUser Load (0.1ms)[0m  [1m[34mSELECT  "users".* FROM "users" WHERE "users"."id" = ? LIMIT ?[0m  [["id", 2], ["LIMIT", 1]]
  ↳ db/seeds.rb:38
  [1m[36mLike Create (0.2ms)[0m  [1m[32mINSERT INTO "likes" ("user_id", "gossip_id", "comment_id", "created_at", "updated_at") VALUES (?, ?, ?, ?, ?)[0m  [["user_id", 2], ["gossip_id", 17], ["comment_id", 16], ["created_at", "2018-07-27 05:46:20.520223"], ["updated_at", "2018-07-27 05:46:20.520223"]]
  ↳ db/seeds.rb:38
  [1m[35m (4.5ms)[0m  [1m[36mcommit transaction[0m
  ↳ db/seeds.rb:38
  [1m[35m (0.0ms)[0m  [1m[36mbegin transaction[0m
  ↳ db/seeds.rb:38
  [1m[36mGossip Load (0.1ms)[0m  [1m[34mSELECT  "gossips".* FROM "gossips" WHERE "gossips"."id" = ? LIMIT ?[0m  [["id", 2], ["LIMIT", 1]]
  ↳ db/seeds.rb:38
  [1m[36mComment Load (0.1ms)[0m  [1m[34mSELECT  "comments".* FROM "comments" WHERE "comments"."id" = ? LIMIT ?[0m  [["id", 12], ["LIMIT", 1]]
  ↳ db/seeds.rb:38
  [1m[36mUser Load (0.0ms)[0m  [1m[34mSELECT  "users".* FROM "users" WHERE "users"."id" = ? LIMIT ?[0m  [["id", 9], ["LIMIT", 1]]
  ↳ db/seeds.rb:38
  [1m[36mLike Create (0.2ms)[0m  [1m[32mINSERT INTO "likes" ("user_id", "gossip_id", "comment_id", "created_at", "updated_at") VALUES (?, ?, ?, ?, ?)[0m  [["user_id", 9], ["gossip_id", 2], ["comment_id", 12], ["created_at", "2018-07-27 05:46:20.528174"], ["updated_at", "2018-07-27 05:46:20.528174"]]
  ↳ db/seeds.rb:38
  [1m[35m (4.2ms)[0m  [1m[36mcommit transaction[0m
  ↳ db/seeds.rb:38
  [1m[35m (0.1ms)[0m  [1m[36mbegin transaction[0m
  ↳ db/seeds.rb:38
  [1m[36mGossip Load (0.1ms)[0m  [1m[34mSELECT  "gossips".* FROM "gossips" WHERE "gossips"."id" = ? LIMIT ?[0m  [["id", 3], ["LIMIT", 1]]
  ↳ db/seeds.rb:38
  [1m[36mComment Load (0.0ms)[0m  [1m[34mSELECT  "comments".* FROM "comments" WHERE "comments"."id" = ? LIMIT ?[0m  [["id", 0], ["LIMIT", 1]]
  ↳ db/seeds.rb:38
  [1m[36mUser Load (0.1ms)[0m  [1m[34mSELECT  "users".* FROM "users" WHERE "users"."id" = ? LIMIT ?[0m  [["id", 1], ["LIMIT", 1]]
  ↳ db/seeds.rb:38
  [1m[35m (0.1ms)[0m  [1m[31mrollback transaction[0m
  ↳ db/seeds.rb:38
  [1m[35m (0.0ms)[0m  [1m[36mbegin transaction[0m
  ↳ db/seeds.rb:38
  [1m[36mGossip Load (0.1ms)[0m  [1m[34mSELECT  "gossips".* FROM "gossips" WHERE "gossips"."id" = ? LIMIT ?[0m  [["id", 17], ["LIMIT", 1]]
  ↳ db/seeds.rb:38
  [1m[36mComment Load (0.0ms)[0m  [1m[34mSELECT  "comments".* FROM "comments" WHERE "comments"."id" = ? LIMIT ?[0m  [["id", 17], ["LIMIT", 1]]
  ↳ db/seeds.rb:38
  [1m[36mUser Load (0.0ms)[0m  [1m[34mSELECT  "users".* FROM "users" WHERE "users"."id" = ? LIMIT ?[0m  [["id", 0], ["LIMIT", 1]]
  ↳ db/seeds.rb:38
  [1m[35m (0.0ms)[0m  [1m[31mrollback transaction[0m
  ↳ db/seeds.rb:38
  [1m[35m (0.1ms)[0m  [1m[36mbegin transaction[0m
  ↳ db/seeds.rb:38
  [1m[36mGossip Load (0.1ms)[0m  [1m[34mSELECT  "gossips".* FROM "gossips" WHERE "gossips"."id" = ? LIMIT ?[0m  [["id", 8], ["LIMIT", 1]]
  ↳ db/seeds.rb:38
  [1m[36mComment Load (0.1ms)[0m  [1m[34mSELECT  "comments".* FROM "comments" WHERE "comments"."id" = ? LIMIT ?[0m  [["id", 2], ["LIMIT", 1]]
  ↳ db/seeds.rb:38
  [1m[36mUser Load (0.1ms)[0m  [1m[34mSELECT  "users".* FROM "users" WHERE "users"."id" = ? LIMIT ?[0m  [["id", 9], ["LIMIT", 1]]
  ↳ db/seeds.rb:38
  [1m[36mLike Create (0.2ms)[0m  [1m[32mINSERT INTO "likes" ("user_id", "gossip_id", "comment_id", "created_at", "updated_at") VALUES (?, ?, ?, ?, ?)[0m  [["user_id", 9], ["gossip_id", 8], ["comment_id", 2], ["created_at", "2018-07-27 05:46:20.542324"], ["updated_at", "2018-07-27 05:46:20.542324"]]
  ↳ db/seeds.rb:38
  [1m[35m (5.3ms)[0m  [1m[36mcommit transaction[0m
  ↳ db/seeds.rb:38
  [1m[35m (0.0ms)[0m  [1m[36mbegin transaction[0m
  ↳ db/seeds.rb:38
  [1m[36mGossip Load (0.1ms)[0m  [1m[34mSELECT  "gossips".* FROM "gossips" WHERE "gossips"."id" = ? LIMIT ?[0m  [["id", 18], ["LIMIT", 1]]
  ↳ db/seeds.rb:38
  [1m[36mComment Load (0.1ms)[0m  [1m[34mSELECT  "comments".* FROM "comments" WHERE "comments"."id" = ? LIMIT ?[0m  [["id", 12], ["LIMIT", 1]]
  ↳ db/seeds.rb:38
  [1m[36mUser Load (0.0ms)[0m  [1m[34mSELECT  "users".* FROM "users" WHERE "users"."id" = ? LIMIT ?[0m  [["id", 5], ["LIMIT", 1]]
  ↳ db/seeds.rb:38
  [1m[36mLike Create (0.2ms)[0m  [1m[32mINSERT INTO "likes" ("user_id", "gossip_id", "comment_id", "created_at", "updated_at") VALUES (?, ?, ?, ?, ?)[0m  [["user_id", 5], ["gossip_id", 18], ["comment_id", 12], ["created_at", "2018-07-27 05:46:20.551457"], ["updated_at", "2018-07-27 05:46:20.551457"]]
  ↳ db/seeds.rb:38
  [1m[35m (4.1ms)[0m  [1m[36mcommit transaction[0m
  ↳ db/seeds.rb:38
  [1m[35m (0.1ms)[0m  [1m[36mbegin transaction[0m
  ↳ db/seeds.rb:38
  [1m[36mGossip Load (0.1ms)[0m  [1m[34mSELECT  "gossips".* FROM "gossips" WHERE "gossips"."id" = ? LIMIT ?[0m  [["id", 6], ["LIMIT", 1]]
  ↳ db/seeds.rb:38
  [1m[36mComment Load (0.0ms)[0m  [1m[34mSELECT  "comments".* FROM "comments" WHERE "comments"."id" = ? LIMIT ?[0m  [["id", 16], ["LIMIT", 1]]
  ↳ db/seeds.rb:38
  [1m[36mUser Load (0.0ms)[0m  [1m[34mSELECT  "users".* FROM "users" WHERE "users"."id" = ? LIMIT ?[0m  [["id", 6], ["LIMIT", 1]]
  ↳ db/seeds.rb:38
  [1m[36mLike Create (0.2ms)[0m  [1m[32mINSERT INTO "likes" ("user_id", "gossip_id", "comment_id", "created_at", "updated_at") VALUES (?, ?, ?, ?, ?)[0m  [["user_id", 6], ["gossip_id", 6], ["comment_id", 16], ["created_at", "2018-07-27 05:46:20.559182"], ["updated_at", "2018-07-27 05:46:20.559182"]]
  ↳ db/seeds.rb:38
  [1m[35m (3.9ms)[0m  [1m[36mcommit transaction[0m
  ↳ db/seeds.rb:38
  [1m[35m (0.0ms)[0m  [1m[36mbegin transaction[0m
  ↳ db/seeds.rb:38
  [1m[36mGossip Load (0.1ms)[0m  [1m[34mSELECT  "gossips".* FROM "gossips" WHERE "gossips"."id" = ? LIMIT ?[0m  [["id", 6], ["LIMIT", 1]]
  ↳ db/seeds.rb:38
  [1m[36mComment Load (0.0ms)[0m  [1m[34mSELECT  "comments".* FROM "comments" WHERE "comments"."id" = ? LIMIT ?[0m  [["id", 0], ["LIMIT", 1]]
  ↳ db/seeds.rb:38
  [1m[36mUser Load (0.1ms)[0m  [1m[34mSELECT  "users".* FROM "users" WHERE "users"."id" = ? LIMIT ?[0m  [["id", 8], ["LIMIT", 1]]
  ↳ db/seeds.rb:38
  [1m[35m (0.0ms)[0m  [1m[31mrollback transaction[0m
  ↳ db/seeds.rb:38
  [1m[35m (0.1ms)[0m  [1m[36mbegin transaction[0m
  ↳ db/seeds.rb:38
  [1m[36mGossip Load (0.1ms)[0m  [1m[34mSELECT  "gossips".* FROM "gossips" WHERE "gossips"."id" = ? LIMIT ?[0m  [["id", 7], ["LIMIT", 1]]
  ↳ db/seeds.rb:38
  [1m[36mComment Load (0.0ms)[0m  [1m[34mSELECT  "comments".* FROM "comments" WHERE "comments"."id" = ? LIMIT ?[0m  [["id", 1], ["LIMIT", 1]]
  ↳ db/seeds.rb:38
  [1m[36mUser Load (0.0ms)[0m  [1m[34mSELECT  "users".* FROM "users" WHERE "users"."id" = ? LIMIT ?[0m  [["id", 1], ["LIMIT", 1]]
  ↳ db/seeds.rb:38
  [1m[36mLike Create (0.2ms)[0m  [1m[32mINSERT INTO "likes" ("user_id", "gossip_id", "comment_id", "created_at", "updated_at") VALUES (?, ?, ?, ?, ?)[0m  [["user_id", 1], ["gossip_id", 7], ["comment_id", 1], ["created_at", "2018-07-27 05:46:20.571756"], ["updated_at", "2018-07-27 05:46:20.571756"]]
  ↳ db/seeds.rb:38
  [1m[35m (4.0ms)[0m  [1m[36mcommit transaction[0m
  ↳ db/seeds.rb:38
  [1m[35m (0.0ms)[0m  [1m[36mbegin transaction[0m
  ↳ db/seeds.rb:38
  [1m[36mGossip Load (0.1ms)[0m  [1m[34mSELECT  "gossips".* FROM "gossips" WHERE "gossips"."id" = ? LIMIT ?[0m  [["id", 13], ["LIMIT", 1]]
  ↳ db/seeds.rb:38
  [1m[36mComment Load (0.0ms)[0m  [1m[34mSELECT  "comments".* FROM "comments" WHERE "comments"."id" = ? LIMIT ?[0m  [["id", 17], ["LIMIT", 1]]
  ↳ db/seeds.rb:38
  [1m[36mUser Load (0.0ms)[0m  [1m[34mSELECT  "users".* FROM "users" WHERE "users"."id" = ? LIMIT ?[0m  [["id", 2], ["LIMIT", 1]]
  ↳ db/seeds.rb:38
  [1m[36mLike Create (0.2ms)[0m  [1m[32mINSERT INTO "likes" ("user_id", "gossip_id", "comment_id", "created_at", "updated_at") VALUES (?, ?, ?, ?, ?)[0m  [["user_id", 2], ["gossip_id", 13], ["comment_id", 17], ["created_at", "2018-07-27 05:46:20.579455"], ["updated_at", "2018-07-27 05:46:20.579455"]]
  ↳ db/seeds.rb:38
  [1m[35m (4.1ms)[0m  [1m[36mcommit transaction[0m
  ↳ db/seeds.rb:38
  [1m[35m (0.1ms)[0m  [1m[36mbegin transaction[0m
  ↳ db/seeds.rb:38
  [1m[36mGossip Load (0.1ms)[0m  [1m[34mSELECT  "gossips".* FROM "gossips" WHERE "gossips"."id" = ? LIMIT ?[0m  [["id", 3], ["LIMIT", 1]]
  ↳ db/seeds.rb:38
  [1m[36mComment Load (0.0ms)[0m  [1m[34mSELECT  "comments".* FROM "comments" WHERE "comments"."id" = ? LIMIT ?[0m  [["id", 16], ["LIMIT", 1]]
  ↳ db/seeds.rb:38
  [1m[36mUser Load (0.0ms)[0m  [1m[34mSELECT  "users".* FROM "users" WHERE "users"."id" = ? LIMIT ?[0m  [["id", 8], ["LIMIT", 1]]
  ↳ db/seeds.rb:38
  [1m[36mLike Create (0.2ms)[0m  [1m[32mINSERT INTO "likes" ("user_id", "gossip_id", "comment_id", "created_at", "updated_at") VALUES (?, ?, ?, ?, ?)[0m  [["user_id", 8], ["gossip_id", 3], ["comment_id", 16], ["created_at", "2018-07-27 05:46:20.587210"], ["updated_at", "2018-07-27 05:46:20.587210"]]
  ↳ db/seeds.rb:38
  [1m[35m (4.0ms)[0m  [1m[36mcommit transaction[0m
  ↳ db/seeds.rb:38
  [1m[35m (0.0ms)[0m  [1m[36mbegin transaction[0m
  ↳ db/seeds.rb:38
  [1m[36mGossip Load (0.1ms)[0m  [1m[34mSELECT  "gossips".* FROM "gossips" WHERE "gossips"."id" = ? LIMIT ?[0m  [["id", 10], ["LIMIT", 1]]
  ↳ db/seeds.rb:38
  [1m[36mComment Load (0.0ms)[0m  [1m[34mSELECT  "comments".* FROM "comments" WHERE "comments"."id" = ? LIMIT ?[0m  [["id", 14], ["LIMIT", 1]]
  ↳ db/seeds.rb:38
  [1m[36mUser Load (0.0ms)[0m  [1m[34mSELECT  "users".* FROM "users" WHERE "users"."id" = ? LIMIT ?[0m  [["id", 4], ["LIMIT", 1]]
  ↳ db/seeds.rb:38
  [1m[36mLike Create (0.2ms)[0m  [1m[32mINSERT INTO "likes" ("user_id", "gossip_id", "comment_id", "created_at", "updated_at") VALUES (?, ?, ?, ?, ?)[0m  [["user_id", 4], ["gossip_id", 10], ["comment_id", 14], ["created_at", "2018-07-27 05:46:20.595033"], ["updated_at", "2018-07-27 05:46:20.595033"]]
  ↳ db/seeds.rb:38
  [1m[35m (4.3ms)[0m  [1m[36mcommit transaction[0m
  ↳ db/seeds.rb:38
  [1m[35m (0.0ms)[0m  [1m[36mbegin transaction[0m
  ↳ db/seeds.rb:38
  [1m[36mGossip Load (0.1ms)[0m  [1m[34mSELECT  "gossips".* FROM "gossips" WHERE "gossips"."id" = ? LIMIT ?[0m  [["id", 9], ["LIMIT", 1]]
  ↳ db/seeds.rb:38
  [1m[36mComment Load (0.0ms)[0m  [1m[34mSELECT  "comments".* FROM "comments" WHERE "comments"."id" = ? LIMIT ?[0m  [["id", 7], ["LIMIT", 1]]
  ↳ db/seeds.rb:38
  [1m[36mUser Load (0.0ms)[0m  [1m[34mSELECT  "users".* FROM "users" WHERE "users"."id" = ? LIMIT ?[0m  [["id", 4], ["LIMIT", 1]]
  ↳ db/seeds.rb:38
  [1m[36mLike Create (0.2ms)[0m  [1m[32mINSERT INTO "likes" ("user_id", "gossip_id", "comment_id", "created_at", "updated_at") VALUES (?, ?, ?, ?, ?)[0m  [["user_id", 4], ["gossip_id", 9], ["comment_id", 7], ["created_at", "2018-07-27 05:46:20.602992"], ["updated_at", "2018-07-27 05:46:20.602992"]]
  ↳ db/seeds.rb:38
  [1m[35m (4.7ms)[0m  [1m[36mcommit transaction[0m
  ↳ db/seeds.rb:38
  [1m[35m (0.0ms)[0m  [1m[36mbegin transaction[0m
  ↳ db/seeds.rb:38
  [1m[36mGossip Load (0.1ms)[0m  [1m[34mSELECT  "gossips".* FROM "gossips" WHERE "gossips"."id" = ? LIMIT ?[0m  [["id", 3], ["LIMIT", 1]]
  ↳ db/seeds.rb:38
  [1m[36mComment Load (0.0ms)[0m  [1m[34mSELECT  "comments".* FROM "comments" WHERE "comments"."id" = ? LIMIT ?[0m  [["id", 3], ["LIMIT", 1]]
  ↳ db/seeds.rb:38
  [1m[36mUser Load (0.1ms)[0m  [1m[34mSELECT  "users".* FROM "users" WHERE "users"."id" = ? LIMIT ?[0m  [["id", 7], ["LIMIT", 1]]
  ↳ db/seeds.rb:38
  [1m[36mLike Create (0.2ms)[0m  [1m[32mINSERT INTO "likes" ("user_id", "gossip_id", "comment_id", "created_at", "updated_at") VALUES (?, ?, ?, ?, ?)[0m  [["user_id", 7], ["gossip_id", 3], ["comment_id", 3], ["created_at", "2018-07-27 05:46:20.611226"], ["updated_at", "2018-07-27 05:46:20.611226"]]
  ↳ db/seeds.rb:38
  [1m[35m (4.1ms)[0m  [1m[36mcommit transaction[0m
  ↳ db/seeds.rb:38
  [1m[35m (0.1ms)[0m  [1m[36mbegin transaction[0m
  ↳ db/seeds.rb:38
  [1m[36mGossip Load (0.1ms)[0m  [1m[34mSELECT  "gossips".* FROM "gossips" WHERE "gossips"."id" = ? LIMIT ?[0m  [["id", 10], ["LIMIT", 1]]
  ↳ db/seeds.rb:38
  [1m[36mComment Load (0.0ms)[0m  [1m[34mSELECT  "comments".* FROM "comments" WHERE "comments"."id" = ? LIMIT ?[0m  [["id", 2], ["LIMIT", 1]]
  ↳ db/seeds.rb:38
  [1m[36mUser Load (0.0ms)[0m  [1m[34mSELECT  "users".* FROM "users" WHERE "users"."id" = ? LIMIT ?[0m  [["id", 0], ["LIMIT", 1]]
  ↳ db/seeds.rb:38
  [1m[35m (0.0ms)[0m  [1m[31mrollback transaction[0m
  ↳ db/seeds.rb:38
  [1m[35m (0.1ms)[0m  [1m[36mbegin transaction[0m
  ↳ db/seeds.rb:38
  [1m[36mGossip Load (0.1ms)[0m  [1m[34mSELECT  "gossips".* FROM "gossips" WHERE "gossips"."id" = ? LIMIT ?[0m  [["id", 12], ["LIMIT", 1]]
  ↳ db/seeds.rb:38
  [1m[36mComment Load (0.0ms)[0m  [1m[34mSELECT  "comments".* FROM "comments" WHERE "comments"."id" = ? LIMIT ?[0m  [["id", 10], ["LIMIT", 1]]
  ↳ db/seeds.rb:38
  [1m[36mUser Load (0.0ms)[0m  [1m[34mSELECT  "users".* FROM "users" WHERE "users"."id" = ? LIMIT ?[0m  [["id", 3], ["LIMIT", 1]]
  ↳ db/seeds.rb:38
  [1m[36mLike Create (0.2ms)[0m  [1m[32mINSERT INTO "likes" ("user_id", "gossip_id", "comment_id", "created_at", "updated_at") VALUES (?, ?, ?, ?, ?)[0m  [["user_id", 3], ["gossip_id", 12], ["comment_id", 10], ["created_at", "2018-07-27 05:46:20.621462"], ["updated_at", "2018-07-27 05:46:20.621462"]]
  ↳ db/seeds.rb:38
  [1m[35m (5.7ms)[0m  [1m[36mcommit transaction[0m
  ↳ db/seeds.rb:38
  [1m[35m (0.0ms)[0m  [1m[36mbegin transaction[0m
  ↳ db/seeds.rb:38
  [1m[36mGossip Load (0.1ms)[0m  [1m[34mSELECT  "gossips".* FROM "gossips" WHERE "gossips"."id" = ? LIMIT ?[0m  [["id", 2], ["LIMIT", 1]]
  ↳ db/seeds.rb:38
  [1m[36mComment Load (0.0ms)[0m  [1m[34mSELECT  "comments".* FROM "comments" WHERE "comments"."id" = ? LIMIT ?[0m  [["id", 2], ["LIMIT", 1]]
  ↳ db/seeds.rb:38
  [1m[36mUser Load (0.0ms)[0m  [1m[34mSELECT  "users".* FROM "users" WHERE "users"."id" = ? LIMIT ?[0m  [["id", 2], ["LIMIT", 1]]
  ↳ db/seeds.rb:38
  [1m[36mLike Create (0.2ms)[0m  [1m[32mINSERT INTO "likes" ("user_id", "gossip_id", "comment_id", "created_at", "updated_at") VALUES (?, ?, ?, ?, ?)[0m  [["user_id", 2], ["gossip_id", 2], ["comment_id", 2], ["created_at", "2018-07-27 05:46:20.630367"], ["updated_at", "2018-07-27 05:46:20.630367"]]
  ↳ db/seeds.rb:38
  [1m[35m (5.0ms)[0m  [1m[36mcommit transaction[0m
  ↳ db/seeds.rb:38
  [1m[35m (0.0ms)[0m  [1m[36mbegin transaction[0m
  ↳ db/seeds.rb:38
  [1m[36mGossip Load (0.1ms)[0m  [1m[34mSELECT  "gossips".* FROM "gossips" WHERE "gossips"."id" = ? LIMIT ?[0m  [["id", 11], ["LIMIT", 1]]
  ↳ db/seeds.rb:38
  [1m[36mComment Load (0.1ms)[0m  [1m[34mSELECT  "comments".* FROM "comments" WHERE "comments"."id" = ? LIMIT ?[0m  [["id", 2], ["LIMIT", 1]]
  ↳ db/seeds.rb:38
  [1m[36mUser Load (0.1ms)[0m  [1m[34mSELECT  "users".* FROM "users" WHERE "users"."id" = ? LIMIT ?[0m  [["id", 8], ["LIMIT", 1]]
  ↳ db/seeds.rb:38
  [1m[36mLike Create (0.2ms)[0m  [1m[32mINSERT INTO "likes" ("user_id", "gossip_id", "comment_id", "created_at", "updated_at") VALUES (?, ?, ?, ?, ?)[0m  [["user_id", 8], ["gossip_id", 11], ["comment_id", 2], ["created_at", "2018-07-27 05:46:20.639558"], ["updated_at", "2018-07-27 05:46:20.639558"]]
  ↳ db/seeds.rb:38
  [1m[35m (4.3ms)[0m  [1m[36mcommit transaction[0m
  ↳ db/seeds.rb:38
  [1m[35m (0.0ms)[0m  [1m[36mbegin transaction[0m
  ↳ db/seeds.rb:38
  [1m[36mGossip Load (0.1ms)[0m  [1m[34mSELECT  "gossips".* FROM "gossips" WHERE "gossips"."id" = ? LIMIT ?[0m  [["id", 16], ["LIMIT", 1]]
  ↳ db/seeds.rb:38
  [1m[36mComment Load (0.0ms)[0m  [1m[34mSELECT  "comments".* FROM "comments" WHERE "comments"."id" = ? LIMIT ?[0m  [["id", 11], ["LIMIT", 1]]
  ↳ db/seeds.rb:38
  [1m[36mUser Load (0.0ms)[0m  [1m[34mSELECT  "users".* FROM "users" WHERE "users"."id" = ? LIMIT ?[0m  [["id", 1], ["LIMIT", 1]]
  ↳ db/seeds.rb:38
  [1m[36mLike Create (0.2ms)[0m  [1m[32mINSERT INTO "likes" ("user_id", "gossip_id", "comment_id", "created_at", "updated_at") VALUES (?, ?, ?, ?, ?)[0m  [["user_id", 1], ["gossip_id", 16], ["comment_id", 11], ["created_at", "2018-07-27 05:46:20.647465"], ["updated_at", "2018-07-27 05:46:20.647465"]]
  ↳ db/seeds.rb:38
  [1m[35m (4.3ms)[0m  [1m[36mcommit transaction[0m
  ↳ db/seeds.rb:38
  [1m[35m (0.0ms)[0m  [1m[36mbegin transaction[0m
  ↳ db/seeds.rb:38
  [1m[36mGossip Load (0.1ms)[0m  [1m[34mSELECT  "gossips".* FROM "gossips" WHERE "gossips"."id" = ? LIMIT ?[0m  [["id", 5], ["LIMIT", 1]]
  ↳ db/seeds.rb:38
  [1m[36mComment Load (0.1ms)[0m  [1m[34mSELECT  "comments".* FROM "comments" WHERE "comments"."id" = ? LIMIT ?[0m  [["id", 14], ["LIMIT", 1]]
  ↳ db/seeds.rb:38
  [1m[36mUser Load (0.0ms)[0m  [1m[34mSELECT  "users".* FROM "users" WHERE "users"."id" = ? LIMIT ?[0m  [["id", 6], ["LIMIT", 1]]
  ↳ db/seeds.rb:38
  [1m[36mLike Create (0.2ms)[0m  [1m[32mINSERT INTO "likes" ("user_id", "gossip_id", "comment_id", "created_at", "updated_at") VALUES (?, ?, ?, ?, ?)[0m  [["user_id", 6], ["gossip_id", 5], ["comment_id", 14], ["created_at", "2018-07-27 05:46:20.655603"], ["updated_at", "2018-07-27 05:46:20.655603"]]
  ↳ db/seeds.rb:38
  [1m[35m (5.3ms)[0m  [1m[36mcommit transaction[0m
  ↳ db/seeds.rb:38
  [1m[36mCity Load (0.4ms)[0m  [1m[34mSELECT  "cities".* FROM "cities" LIMIT ?[0m  [["LIMIT", 11]]
